#
# There is insufficient memory for the Java Runtime Environment to continue.
# Native memory allocation (mmap) failed to map 159383552 bytes for G1 virtual space
# Possible reasons:
#   The system is out of physical RAM or swap space
#   The process is running with CompressedOops enabled, and the Java Heap may be blocking the growth of the native heap
# Possible solutions:
#   Reduce memory load on the system
#   Increase physical memory or swap space
#   Check if swap backing store is full
#   Decrease Java heap size (-Xmx/-Xms)
#   Decrease number of Java threads
#   Decrease Java thread stack sizes (-Xss)
#   Set larger code cache with -XX:ReservedCodeCacheSize=
#   JVM is running with Unscaled Compressed Oops mode in which the Java heap is
#     placed in the first 4GB address space. The Java Heap base address is the
#     maximum limit for the native heap growth. Please use -XX:HeapBaseMinAddress
#     to set the Java Heap base and to place the Java Heap above 4GB virtual address.
# This output file may be truncated or incomplete.
#
#  Out of Memory Error (os_windows.cpp:3769), pid=21992, tid=16660
#
# JRE version: OpenJDK Runtime Environment (17.0.6) (build 17.0.6+0-b2043.56-10027231)
# Java VM: OpenJDK 64-Bit Server VM (17.0.6+0-b2043.56-10027231, mixed mode, tiered, compressed oops, compressed class ptrs, g1 gc, windows-amd64)
# No core dump will be written. Minidumps are not enabled by default on client versions of Windows
#

---------------  S U M M A R Y ------------

Command Line: --add-opens=java.base/java.util=ALL-UNNAMED --add-opens=java.base/java.lang=ALL-UNNAMED --add-opens=java.base/java.lang.invoke=ALL-UNNAMED --add-opens=java.prefs/java.util.prefs=ALL-UNNAMED --add-opens=java.base/java.nio.charset=ALL-UNNAMED --add-opens=java.base/java.net=ALL-UNNAMED --add-opens=java.base/java.util.concurrent.atomic=ALL-UNNAMED -Xmx2048m -Dfile.encoding=UTF-8 -Duser.country=ID -Duser.language=id -Duser.variant org.gradle.launcher.daemon.bootstrap.GradleDaemon 8.0

Host: Intel(R) Core(TM) i7-9750H CPU @ 2.60GHz, 12 cores, 7G,  Windows 11 , 64 bit Build 22000 (10.0.22000.1335)
Time: Mon Oct 23 22:52:25 2023 SE Asia Standard Time elapsed time: 12.970042 seconds (0d 0h 0m 12s)

---------------  T H R E A D  ---------------

Current thread (0x00000203b45baa30):  VMThread "VM Thread" [stack: 0x000000e7f1700000,0x000000e7f1800000] [id=16660]

Stack: [0x000000e7f1700000,0x000000e7f1800000]
Native frames: (J=compiled Java code, j=interpreted, Vv=VM code, C=native code)
V  [jvm.dll+0x683c9a]
V  [jvm.dll+0x8427a4]
V  [jvm.dll+0x843f9e]
V  [jvm.dll+0x844603]
V  [jvm.dll+0x249b75]
V  [jvm.dll+0x680b69]
V  [jvm.dll+0x67505a]
V  [jvm.dll+0x309acb]
V  [jvm.dll+0x310f86]
V  [jvm.dll+0x3608ee]
V  [jvm.dll+0x360b1f]
V  [jvm.dll+0x2dfbf8]
V  [jvm.dll+0x2ddec4]
V  [jvm.dll+0x2dd4cc]
V  [jvm.dll+0x321f3b]
V  [jvm.dll+0x848ccb]
V  [jvm.dll+0x849a04]
V  [jvm.dll+0x849f1d]
V  [jvm.dll+0x84a2f4]
V  [jvm.dll+0x84a3c0]
V  [jvm.dll+0x7f274a]
V  [jvm.dll+0x682ad5]
C  [ucrtbase.dll+0x26c0c]
C  [KERNEL32.DLL+0x155a0]
C  [ntdll.dll+0x485b]

VM_Operation (0x000000e7f2ff5530): G1CollectForAllocation, mode: safepoint, requested by thread 0x00000203b53dc590


---------------  P R O C E S S  ---------------

Threads class SMR info:
_java_thread_list=0x00000203b536d2a0, length=170, elements={
0x000002039a31c9b0, 0x00000203b5013260, 0x00000203b5015e20, 0x00000203b45cd5e0,
0x00000203b45cdf90, 0x00000203b45ce940, 0x00000203b45cf2f0, 0x00000203b45d0690,
0x00000203b45d1130, 0x00000203b504bd60, 0x00000203b51a6ff0, 0x00000203b51c6090,
0x00000203b66a3680, 0x00000203b7833070, 0x00000203b5455290, 0x00000203b67a4600,
0x00000203b7dae860, 0x00000203b53dcf30, 0x00000203b53dc590, 0x00000203b53dd8d0,
0x00000203b53de270, 0x00000203b53dbbf0, 0x00000203b53dd400, 0x00000203b53ddda0,
0x00000203b53dca60, 0x00000203b53de740, 0x00000203b53dad80, 0x00000203b53dc0c0,
0x00000203b53db250, 0x00000203b53db720, 0x00000203b799da90, 0x00000203b799e900,
0x00000203b799f770, 0x00000203b79a52e0, 0x00000203b79a3fa0, 0x00000203b799edd0,
0x00000203b799df60, 0x00000203b79a3130, 0x00000203b799f2a0, 0x00000203b79a4470,
0x00000203b799e430, 0x00000203b79a4940, 0x00000203b799fc40, 0x00000203b79a0110,
0x00000203b79a4e10, 0x00000203b79a0f80, 0x00000203b79a1df0, 0x00000203b79a22c0,
0x00000203b79a2790, 0x00000203b79a2c60, 0x00000203b79a3600, 0x00000203b79a3ad0,
0x00000203ba90da50, 0x00000203ba90fc00, 0x00000203ba90f260, 0x00000203ba90e8c0,
0x00000203ba910a70, 0x00000203ba90d580, 0x00000203ba90df20, 0x00000203ba90f730,
0x00000203ba9100d0, 0x00000203ba912280, 0x00000203ba9105a0, 0x00000203ba910f40,
0x00000203ba911410, 0x00000203ba9118e0, 0x00000203ba90cbe0, 0x00000203ba911db0,
0x00000203ba912750, 0x00000203ba912c20, 0x00000203ba90ed90, 0x00000203ba9130f0,
0x00000203ba90b8a0, 0x00000203ba90bd70, 0x00000203ba90e3f0, 0x00000203ba90c240,
0x00000203ba90c710, 0x00000203ba90d0b0, 0x00000203ba155bd0, 0x00000203ba154d60,
0x00000203ba155700, 0x00000203ba1560a0, 0x00000203ba156570, 0x00000203ba155230,
0x00000203ba153080, 0x00000203ba150060, 0x00000203ba150530, 0x00000203ba1578b0,
0x00000203ba151d40, 0x00000203ba156a40, 0x00000203ba150a00, 0x00000203ba156f10,
0x00000203ba1573e0, 0x00000203ba151870, 0x00000203ba152210, 0x00000203ba150ed0,
0x00000203ba1513a0, 0x00000203ba1543c0, 0x00000203ba1526e0, 0x00000203ba152bb0,
0x00000203ba153550, 0x00000203ba153a20, 0x00000203ba153ef0, 0x00000203ba154890,
0x00000203b639fd30, 0x00000203b63a4560, 0x00000203b639db80, 0x00000203b63a1ee0,
0x00000203b639eec0, 0x00000203b639e520, 0x00000203b639e050, 0x00000203b63a0ba0,
0x00000203b639e9f0, 0x00000203b639f390, 0x00000203b639cd10, 0x00000203b63a2d50,
0x00000203b639f860, 0x00000203b63a0200, 0x00000203b63a06d0, 0x00000203b63a1070,
0x00000203b63a1540, 0x00000203b639d1e0, 0x00000203b63a3220, 0x00000203b63a1a10,
0x00000203b63a3bc0, 0x00000203b63a23b0, 0x00000203b63a2880, 0x00000203b639d6b0,
0x00000203b63a36f0, 0x00000203b63a4090, 0x00000203b81378d0, 0x00000203b8133a40,
0x00000203b8133f10, 0x00000203b8132230, 0x00000203b81330a0, 0x00000203b8136a60,
0x00000203b8137da0, 0x00000203b81343e0, 0x00000203b8133570, 0x00000203b81390e0,
0x00000203b8138c10, 0x00000203b8138740, 0x00000203b8135720, 0x00000203b81360c0,
0x00000203b81395b0, 0x00000203b8135bf0, 0x00000203b8138270, 0x00000203b8139a80,
0x00000203b8136590, 0x00000203b8132700, 0x00000203b8132bd0, 0x00000203b81348b0,
0x00000203b8135250, 0x00000203b8136f30, 0x00000203b8134d80, 0x00000203b8137400,
0x00000203b5a67530, 0x00000203b5a66b90, 0x00000203b5a67a00, 0x00000203b5a68870,
0x00000203b5a67ed0, 0x00000203b5a67060, 0x00000203b5a683a0, 0x00000203b5a68d40,
0x00000203b5a69210, 0x00000203b5a69bb0, 0x00000203b5a696e0, 0x00000203b5a661f0,
0x00000203b5a666c0, 0x00000203b9ef3a60
}

Java Threads: ( => current thread )
  0x000002039a31c9b0 JavaThread "main" [_thread_blocked, id=3924, stack(0x000000e7f1100000,0x000000e7f1200000)]
  0x00000203b5013260 JavaThread "Reference Handler" daemon [_thread_blocked, id=8696, stack(0x000000e7f1800000,0x000000e7f1900000)]
  0x00000203b5015e20 JavaThread "Finalizer" daemon [_thread_blocked, id=22020, stack(0x000000e7f1900000,0x000000e7f1a00000)]
  0x00000203b45cd5e0 JavaThread "Signal Dispatcher" daemon [_thread_blocked, id=13192, stack(0x000000e7f1a00000,0x000000e7f1b00000)]
  0x00000203b45cdf90 JavaThread "Attach Listener" daemon [_thread_blocked, id=13868, stack(0x000000e7f1b00000,0x000000e7f1c00000)]
  0x00000203b45ce940 JavaThread "Service Thread" daemon [_thread_blocked, id=16688, stack(0x000000e7f1c00000,0x000000e7f1d00000)]
  0x00000203b45cf2f0 JavaThread "Monitor Deflation Thread" daemon [_thread_blocked, id=18312, stack(0x000000e7f1d00000,0x000000e7f1e00000)]
  0x00000203b45d0690 JavaThread "C2 CompilerThread0" daemon [_thread_blocked, id=16028, stack(0x000000e7f1e00000,0x000000e7f1f00000)]
  0x00000203b45d1130 JavaThread "C1 CompilerThread0" daemon [_thread_blocked, id=19292, stack(0x000000e7f1f00000,0x000000e7f2000000)]
  0x00000203b504bd60 JavaThread "Sweeper thread" daemon [_thread_blocked, id=21828, stack(0x000000e7f2000000,0x000000e7f2100000)]
  0x00000203b51a6ff0 JavaThread "Common-Cleaner" daemon [_thread_blocked, id=9524, stack(0x000000e7f2100000,0x000000e7f2200000)]
  0x00000203b51c6090 JavaThread "Notification Thread" daemon [_thread_blocked, id=3088, stack(0x000000e7f2200000,0x000000e7f2300000)]
  0x00000203b66a3680 JavaThread "Daemon health stats" [_thread_blocked, id=9584, stack(0x000000e7f2900000,0x000000e7f2a00000)]
  0x00000203b7833070 JavaThread "Incoming local TCP Connector on port 50113" [_thread_in_native, id=14792, stack(0x000000e7f2400000,0x000000e7f2500000)]
  0x00000203b5455290 JavaThread "Daemon periodic checks" [_thread_blocked, id=9244, stack(0x000000e7f2b00000,0x000000e7f2c00000)]
  0x00000203b67a4600 JavaThread "Daemon" [_thread_blocked, id=21076, stack(0x000000e7f2c00000,0x000000e7f2d00000)]
  0x00000203b7dae860 JavaThread "Handler for socket connection from /127.0.0.1:50113 to /127.0.0.1:50114" [_thread_in_native, id=2148, stack(0x000000e7f2d00000,0x000000e7f2e00000)]
  0x00000203b53dcf30 JavaThread "Cancel handler" [_thread_blocked, id=15132, stack(0x000000e7f2e00000,0x000000e7f2f00000)]
  0x00000203b53dc590 JavaThread "Daemon worker" [_thread_blocked, id=21480, stack(0x000000e7f2f00000,0x000000e7f3000000)]
  0x00000203b53dd8d0 JavaThread "Asynchronous log dispatcher for DefaultDaemonConnection: socket connection from /127.0.0.1:50113 to /127.0.0.1:50114" [_thread_blocked, id=5576, stack(0x000000e7f3000000,0x000000e7f3100000)]
  0x00000203b53de270 JavaThread "Stdin handler" [_thread_blocked, id=11152, stack(0x000000e7f3100000,0x000000e7f3200000)]
  0x00000203b53dbbf0 JavaThread "Daemon client event forwarder" [_thread_blocked, id=20744, stack(0x000000e7f3200000,0x000000e7f3300000)]
  0x00000203b53dd400 JavaThread "Cache worker for journal cache (C:\Users\muham\.gradle\caches\journal-1)" [_thread_blocked, id=9992, stack(0x000000e7f3a00000,0x000000e7f3b00000)]
  0x00000203b53ddda0 JavaThread "File lock request listener" [_thread_in_native, id=560, stack(0x000000e7f3b00000,0x000000e7f3c00000)]
  0x00000203b53dca60 JavaThread "File lock release action executor" [_thread_blocked, id=16948, stack(0x000000e7f2a00000,0x000000e7f2b00000)]
  0x00000203b53de740 JavaThread "Cache worker for file hash cache (C:\Users\muham\.gradle\caches\8.0\fileHashes)" [_thread_blocked, id=10904, stack(0x000000e7f3c00000,0x000000e7f3d00000)]
  0x00000203b53dad80 JavaThread "File watcher server" daemon [_thread_in_native, id=20648, stack(0x000000e7f3e00000,0x000000e7f3f00000)]
  0x00000203b53dc0c0 JavaThread "File watcher consumer" daemon [_thread_blocked, id=15516, stack(0x000000e7f3f00000,0x000000e7f4000000)]
  0x00000203b53db250 JavaThread "jar transforms" [_thread_blocked, id=8972, stack(0x000000e7f4000000,0x000000e7f4100000)]
  0x00000203b53db720 JavaThread "jar transforms Thread 2" [_thread_blocked, id=12992, stack(0x000000e7f4100000,0x000000e7f4200000)]
  0x00000203b799da90 JavaThread "jar transforms Thread 3" [_thread_blocked, id=21984, stack(0x000000e7f4200000,0x000000e7f4300000)]
  0x00000203b799e900 JavaThread "jar transforms Thread 4" [_thread_blocked, id=5492, stack(0x000000e7f4300000,0x000000e7f4400000)]
  0x00000203b799f770 JavaThread "jar transforms Thread 5" [_thread_blocked, id=12976, stack(0x000000e7f4400000,0x000000e7f4500000)]
  0x00000203b79a52e0 JavaThread "jar transforms Thread 6" [_thread_blocked, id=780, stack(0x000000e7f4500000,0x000000e7f4600000)]
  0x00000203b79a3fa0 JavaThread "jar transforms Thread 7" [_thread_blocked, id=13268, stack(0x000000e7f4600000,0x000000e7f4700000)]
  0x00000203b799edd0 JavaThread "jar transforms Thread 8" [_thread_blocked, id=22316, stack(0x000000e7f4700000,0x000000e7f4800000)]
  0x00000203b799df60 JavaThread "jar transforms Thread 9" [_thread_blocked, id=9132, stack(0x000000e7f4800000,0x000000e7f4900000)]
  0x00000203b79a3130 JavaThread "jar transforms Thread 10" [_thread_blocked, id=21836, stack(0x000000e7f4900000,0x000000e7f4a00000)]
  0x00000203b799f2a0 JavaThread "jar transforms Thread 11" [_thread_blocked, id=20756, stack(0x000000e7f4a00000,0x000000e7f4b00000)]
  0x00000203b79a4470 JavaThread "jar transforms Thread 12" [_thread_blocked, id=10680, stack(0x000000e7f4b00000,0x000000e7f4c00000)]
  0x00000203b799e430 JavaThread "Cache worker for checksums cache (D:\Stuckeys\.gradle\8.0\checksums)" [_thread_blocked, id=7884, stack(0x000000e7f4c00000,0x000000e7f4d00000)]
  0x00000203b79a4940 JavaThread "Cache worker for cache directory md-rule (C:\Users\muham\.gradle\caches\8.0\md-rule)" [_thread_blocked, id=9740, stack(0x000000e7f4d00000,0x000000e7f4e00000)]
  0x00000203b799fc40 JavaThread "Cache worker for file content cache (C:\Users\muham\.gradle\caches\8.0\fileContent)" [_thread_blocked, id=2024, stack(0x000000e7f4e00000,0x000000e7f4f00000)]
  0x00000203b79a0110 JavaThread "Cache worker for file hash cache (D:\Stuckeys\.gradle\8.0\fileHashes)" [_thread_blocked, id=7776, stack(0x000000e7f4f00000,0x000000e7f5000000)]
  0x00000203b79a4e10 JavaThread "Cache worker for cache directory md-supplier (C:\Users\muham\.gradle\caches\8.0\md-supplier)" [_thread_blocked, id=17228, stack(0x000000e7f5000000,0x000000e7f5100000)]
  0x00000203b79a0f80 JavaThread "Cache worker for execution history cache (C:\Users\muham\.gradle\caches\8.0\executionHistory)" [_thread_blocked, id=15116, stack(0x000000e7f5100000,0x000000e7f5200000)]
  0x00000203b79a1df0 JavaThread "Cache worker for kotlin-dsl (C:\Users\muham\.gradle\caches\8.0\kotlin-dsl)" [_thread_blocked, id=17836, stack(0x000000e7f5200000,0x000000e7f5300000)]
  0x00000203b79a22c0 JavaThread "Cache worker for dependencies-accessors (D:\Stuckeys\.gradle\8.0\dependencies-accessors)" [_thread_blocked, id=18840, stack(0x000000e7f3d00000,0x000000e7f3e00000)]
  0x00000203b79a2790 JavaThread "Cache worker for Build Output Cleanup Cache (D:\Stuckeys\.gradle\buildOutputCleanup)" [_thread_blocked, id=12264, stack(0x000000e7f5300000,0x000000e7f5400000)]
  0x00000203b79a2c60 JavaThread "Unconstrained build operations" [_thread_blocked, id=8300, stack(0x000000e7f5400000,0x000000e7f5500000)]
  0x00000203b79a3600 JavaThread "Unconstrained build operations Thread 2" [_thread_blocked, id=17564, stack(0x000000e7f5500000,0x000000e7f5600000)]
  0x00000203b79a3ad0 JavaThread "Unconstrained build operations Thread 3" [_thread_blocked, id=19612, stack(0x000000e7f5600000,0x000000e7f5700000)]
  0x00000203ba90da50 JavaThread "Unconstrained build operations Thread 4" [_thread_blocked, id=4280, stack(0x000000e7f5700000,0x000000e7f5800000)]
  0x00000203ba90fc00 JavaThread "Unconstrained build operations Thread 5" [_thread_blocked, id=6468, stack(0x000000e7f5800000,0x000000e7f5900000)]
  0x00000203ba90f260 JavaThread "Unconstrained build operations Thread 6" [_thread_blocked, id=9596, stack(0x000000e7f5900000,0x000000e7f5a00000)]
  0x00000203ba90e8c0 JavaThread "Unconstrained build operations Thread 7" [_thread_blocked, id=1440, stack(0x000000e7f5a00000,0x000000e7f5b00000)]
  0x00000203ba910a70 JavaThread "Unconstrained build operations Thread 8" [_thread_blocked, id=19372, stack(0x000000e7f5b00000,0x000000e7f5c00000)]
  0x00000203ba90d580 JavaThread "Unconstrained build operations Thread 9" [_thread_blocked, id=21340, stack(0x000000e7f5c00000,0x000000e7f5d00000)]
  0x00000203ba90df20 JavaThread "Unconstrained build operations Thread 10" [_thread_blocked, id=20132, stack(0x000000e7f5d00000,0x000000e7f5e00000)]
  0x00000203ba90f730 JavaThread "Unconstrained build operations Thread 11" [_thread_blocked, id=22480, stack(0x000000e7f5e00000,0x000000e7f5f00000)]
  0x00000203ba9100d0 JavaThread "Unconstrained build operations Thread 12" [_thread_blocked, id=3888, stack(0x000000e7f5f00000,0x000000e7f6000000)]
  0x00000203ba912280 JavaThread "Unconstrained build operations Thread 13" [_thread_blocked, id=9884, stack(0x000000e7f6000000,0x000000e7f6100000)]
  0x00000203ba9105a0 JavaThread "Unconstrained build operations Thread 14" [_thread_blocked, id=9572, stack(0x000000e7f6100000,0x000000e7f6200000)]
  0x00000203ba910f40 JavaThread "Unconstrained build operations Thread 15" [_thread_blocked, id=4024, stack(0x000000e7f6200000,0x000000e7f6300000)]
  0x00000203ba911410 JavaThread "Unconstrained build operations Thread 16" [_thread_blocked, id=17044, stack(0x000000e7f6300000,0x000000e7f6400000)]
  0x00000203ba9118e0 JavaThread "Unconstrained build operations Thread 17" [_thread_blocked, id=4972, stack(0x000000e7f6400000,0x000000e7f6500000)]
  0x00000203ba90cbe0 JavaThread "Unconstrained build operations Thread 18" [_thread_blocked, id=13356, stack(0x000000e7f6500000,0x000000e7f6600000)]
  0x00000203ba911db0 JavaThread "Unconstrained build operations Thread 19" [_thread_blocked, id=13972, stack(0x000000e7f6600000,0x000000e7f6700000)]
  0x00000203ba912750 JavaThread "Unconstrained build operations Thread 20" [_thread_blocked, id=10728, stack(0x000000e7f6700000,0x000000e7f6800000)]
  0x00000203ba912c20 JavaThread "Unconstrained build operations Thread 21" [_thread_blocked, id=12080, stack(0x000000e7f6800000,0x000000e7f6900000)]
  0x00000203ba90ed90 JavaThread "Unconstrained build operations Thread 22" [_thread_blocked, id=1180, stack(0x000000e7f6900000,0x000000e7f6a00000)]
  0x00000203ba9130f0 JavaThread "Unconstrained build operations Thread 23" [_thread_blocked, id=16336, stack(0x000000e7f6a00000,0x000000e7f6b00000)]
  0x00000203ba90b8a0 JavaThread "Unconstrained build operations Thread 24" [_thread_blocked, id=16072, stack(0x000000e7f6b00000,0x000000e7f6c00000)]
  0x00000203ba90bd70 JavaThread "Unconstrained build operations Thread 25" [_thread_blocked, id=17196, stack(0x000000e7f6c00000,0x000000e7f6d00000)]
  0x00000203ba90e3f0 JavaThread "Unconstrained build operations Thread 26" [_thread_blocked, id=10248, stack(0x000000e7f6d00000,0x000000e7f6e00000)]
  0x00000203ba90c240 JavaThread "Unconstrained build operations Thread 27" [_thread_blocked, id=1348, stack(0x000000e7f6e00000,0x000000e7f6f00000)]
  0x00000203ba90c710 JavaThread "Unconstrained build operations Thread 28" [_thread_blocked, id=9036, stack(0x000000e7f6f00000,0x000000e7f7000000)]
  0x00000203ba90d0b0 JavaThread "Unconstrained build operations Thread 29" [_thread_blocked, id=16856, stack(0x000000e7f7000000,0x000000e7f7100000)]
  0x00000203ba155bd0 JavaThread "Unconstrained build operations Thread 30" [_thread_blocked, id=6240, stack(0x000000e7f7100000,0x000000e7f7200000)]
  0x00000203ba154d60 JavaThread "Unconstrained build operations Thread 31" [_thread_blocked, id=372, stack(0x000000e7f7200000,0x000000e7f7300000)]
  0x00000203ba155700 JavaThread "Unconstrained build operations Thread 32" [_thread_blocked, id=2932, stack(0x000000e7f7300000,0x000000e7f7400000)]
  0x00000203ba1560a0 JavaThread "Unconstrained build operations Thread 33" [_thread_blocked, id=1692, stack(0x000000e7f7400000,0x000000e7f7500000)]
  0x00000203ba156570 JavaThread "Unconstrained build operations Thread 34" [_thread_blocked, id=20360, stack(0x000000e7f7500000,0x000000e7f7600000)]
  0x00000203ba155230 JavaThread "Unconstrained build operations Thread 35" [_thread_blocked, id=14348, stack(0x000000e7f7600000,0x000000e7f7700000)]
  0x00000203ba153080 JavaThread "Unconstrained build operations Thread 36" [_thread_blocked, id=8888, stack(0x000000e7f7700000,0x000000e7f7800000)]
  0x00000203ba150060 JavaThread "Unconstrained build operations Thread 37" [_thread_blocked, id=1952, stack(0x000000e7f7800000,0x000000e7f7900000)]
  0x00000203ba150530 JavaThread "Unconstrained build operations Thread 38" [_thread_blocked, id=9892, stack(0x000000e7f7900000,0x000000e7f7a00000)]
  0x00000203ba1578b0 JavaThread "Unconstrained build operations Thread 39" [_thread_blocked, id=20852, stack(0x000000e7f7a00000,0x000000e7f7b00000)]
  0x00000203ba151d40 JavaThread "Unconstrained build operations Thread 40" [_thread_blocked, id=14204, stack(0x000000e7f7b00000,0x000000e7f7c00000)]
  0x00000203ba156a40 JavaThread "Unconstrained build operations Thread 41" [_thread_blocked, id=6124, stack(0x000000e7f7c00000,0x000000e7f7d00000)]
  0x00000203ba150a00 JavaThread "Unconstrained build operations Thread 42" [_thread_blocked, id=3592, stack(0x000000e7f7d00000,0x000000e7f7e00000)]
  0x00000203ba156f10 JavaThread "Unconstrained build operations Thread 43" [_thread_blocked, id=21104, stack(0x000000e7f7e00000,0x000000e7f7f00000)]
  0x00000203ba1573e0 JavaThread "Unconstrained build operations Thread 44" [_thread_blocked, id=16340, stack(0x000000e7f7f00000,0x000000e7f8000000)]
  0x00000203ba151870 JavaThread "Unconstrained build operations Thread 45" [_thread_blocked, id=11260, stack(0x000000e7f8000000,0x000000e7f8100000)]
  0x00000203ba152210 JavaThread "Unconstrained build operations Thread 46" [_thread_blocked, id=20172, stack(0x000000e7f8100000,0x000000e7f8200000)]
  0x00000203ba150ed0 JavaThread "Unconstrained build operations Thread 47" [_thread_blocked, id=14648, stack(0x000000e7f8200000,0x000000e7f8300000)]
  0x00000203ba1513a0 JavaThread "Unconstrained build operations Thread 48" [_thread_blocked, id=15992, stack(0x000000e7f8300000,0x000000e7f8400000)]
  0x00000203ba1543c0 JavaThread "Unconstrained build operations Thread 49" [_thread_blocked, id=17420, stack(0x000000e7f8400000,0x000000e7f8500000)]
  0x00000203ba1526e0 JavaThread "Unconstrained build operations Thread 50" [_thread_blocked, id=15668, stack(0x000000e7f8500000,0x000000e7f8600000)]
  0x00000203ba152bb0 JavaThread "Unconstrained build operations Thread 51" [_thread_blocked, id=17208, stack(0x000000e7f8600000,0x000000e7f8700000)]
  0x00000203ba153550 JavaThread "Unconstrained build operations Thread 52" [_thread_blocked, id=22036, stack(0x000000e7f8700000,0x000000e7f8800000)]
  0x00000203ba153a20 JavaThread "Unconstrained build operations Thread 53" [_thread_blocked, id=22396, stack(0x000000e7f8800000,0x000000e7f8900000)]
  0x00000203ba153ef0 JavaThread "Unconstrained build operations Thread 54" [_thread_blocked, id=10920, stack(0x000000e7f8900000,0x000000e7f8a00000)]
  0x00000203ba154890 JavaThread "Unconstrained build operations Thread 55" [_thread_blocked, id=19580, stack(0x000000e7f8a00000,0x000000e7f8b00000)]
  0x00000203b639fd30 JavaThread "Unconstrained build operations Thread 56" [_thread_blocked, id=12356, stack(0x000000e7f8b00000,0x000000e7f8c00000)]
  0x00000203b63a4560 JavaThread "Unconstrained build operations Thread 57" [_thread_blocked, id=576, stack(0x000000e7f8c00000,0x000000e7f8d00000)]
  0x00000203b639db80 JavaThread "Unconstrained build operations Thread 58" [_thread_blocked, id=16240, stack(0x000000e7f8d00000,0x000000e7f8e00000)]
  0x00000203b63a1ee0 JavaThread "Unconstrained build operations Thread 59" [_thread_blocked, id=16044, stack(0x000000e7f8e00000,0x000000e7f8f00000)]
  0x00000203b639eec0 JavaThread "Unconstrained build operations Thread 60" [_thread_blocked, id=7984, stack(0x000000e7f8f00000,0x000000e7f9000000)]
  0x00000203b639e520 JavaThread "Unconstrained build operations Thread 61" [_thread_blocked, id=9052, stack(0x000000e7f9000000,0x000000e7f9100000)]
  0x00000203b639e050 JavaThread "Unconstrained build operations Thread 62" [_thread_blocked, id=18180, stack(0x000000e7f9100000,0x000000e7f9200000)]
  0x00000203b63a0ba0 JavaThread "Unconstrained build operations Thread 63" [_thread_blocked, id=15448, stack(0x000000e7f9200000,0x000000e7f9300000)]
  0x00000203b639e9f0 JavaThread "Unconstrained build operations Thread 64" [_thread_blocked, id=11948, stack(0x000000e7f9300000,0x000000e7f9400000)]
  0x00000203b639f390 JavaThread "Unconstrained build operations Thread 65" [_thread_blocked, id=7636, stack(0x000000e7f9400000,0x000000e7f9500000)]
  0x00000203b639cd10 JavaThread "Unconstrained build operations Thread 66" [_thread_blocked, id=4924, stack(0x000000e7f9500000,0x000000e7f9600000)]
  0x00000203b63a2d50 JavaThread "Unconstrained build operations Thread 67" [_thread_blocked, id=3988, stack(0x000000e7f9600000,0x000000e7f9700000)]
  0x00000203b639f860 JavaThread "Unconstrained build operations Thread 68" [_thread_blocked, id=18348, stack(0x000000e7f9700000,0x000000e7f9800000)]
  0x00000203b63a0200 JavaThread "Unconstrained build operations Thread 69" [_thread_blocked, id=9560, stack(0x000000e7f9800000,0x000000e7f9900000)]
  0x00000203b63a06d0 JavaThread "Unconstrained build operations Thread 70" [_thread_blocked, id=19852, stack(0x000000e7f9900000,0x000000e7f9a00000)]
  0x00000203b63a1070 JavaThread "Unconstrained build operations Thread 71" [_thread_blocked, id=21672, stack(0x000000e7f9a00000,0x000000e7f9b00000)]
  0x00000203b63a1540 JavaThread "Unconstrained build operations Thread 72" [_thread_blocked, id=7892, stack(0x000000e7f9b00000,0x000000e7f9c00000)]
  0x00000203b639d1e0 JavaThread "Unconstrained build operations Thread 73" [_thread_blocked, id=15640, stack(0x000000e7f9c00000,0x000000e7f9d00000)]
  0x00000203b63a3220 JavaThread "Unconstrained build operations Thread 74" [_thread_blocked, id=9796, stack(0x000000e7f9d00000,0x000000e7f9e00000)]
  0x00000203b63a1a10 JavaThread "Unconstrained build operations Thread 75" [_thread_blocked, id=20960, stack(0x000000e7f9e00000,0x000000e7f9f00000)]
  0x00000203b63a3bc0 JavaThread "Unconstrained build operations Thread 76" [_thread_blocked, id=15780, stack(0x000000e7f9f00000,0x000000e7fa000000)]
  0x00000203b63a23b0 JavaThread "Unconstrained build operations Thread 77" [_thread_blocked, id=10088, stack(0x000000e7fa000000,0x000000e7fa100000)]
  0x00000203b63a2880 JavaThread "Unconstrained build operations Thread 78" [_thread_blocked, id=1296, stack(0x000000e7fa100000,0x000000e7fa200000)]
  0x00000203b639d6b0 JavaThread "Unconstrained build operations Thread 79" [_thread_blocked, id=20264, stack(0x000000e7fa200000,0x000000e7fa300000)]
  0x00000203b63a36f0 JavaThread "Unconstrained build operations Thread 80" [_thread_blocked, id=5972, stack(0x000000e7fa300000,0x000000e7fa400000)]
  0x00000203b63a4090 JavaThread "Unconstrained build operations Thread 81" [_thread_blocked, id=11868, stack(0x000000e7fa400000,0x000000e7fa500000)]
  0x00000203b81378d0 JavaThread "Unconstrained build operations Thread 82" [_thread_blocked, id=15276, stack(0x000000e7fa500000,0x000000e7fa600000)]
  0x00000203b8133a40 JavaThread "Unconstrained build operations Thread 83" [_thread_blocked, id=10868, stack(0x000000e7fa600000,0x000000e7fa700000)]
  0x00000203b8133f10 JavaThread "Unconstrained build operations Thread 84" [_thread_blocked, id=19208, stack(0x000000e7fa700000,0x000000e7fa800000)]
  0x00000203b8132230 JavaThread "Unconstrained build operations Thread 85" [_thread_blocked, id=19564, stack(0x000000e7fa800000,0x000000e7fa900000)]
  0x00000203b81330a0 JavaThread "Unconstrained build operations Thread 86" [_thread_blocked, id=16576, stack(0x000000e7fa900000,0x000000e7faa00000)]
  0x00000203b8136a60 JavaThread "Unconstrained build operations Thread 87" [_thread_blocked, id=6896, stack(0x000000e7faa00000,0x000000e7fab00000)]
  0x00000203b8137da0 JavaThread "Unconstrained build operations Thread 88" [_thread_blocked, id=21684, stack(0x000000e7fab00000,0x000000e7fac00000)]
  0x00000203b81343e0 JavaThread "Unconstrained build operations Thread 89" [_thread_blocked, id=13624, stack(0x000000e7fac00000,0x000000e7fad00000)]
  0x00000203b8133570 JavaThread "Unconstrained build operations Thread 90" [_thread_blocked, id=14092, stack(0x000000e7fad00000,0x000000e7fae00000)]
  0x00000203b81390e0 JavaThread "Unconstrained build operations Thread 91" [_thread_blocked, id=21300, stack(0x000000e7fae00000,0x000000e7faf00000)]
  0x00000203b8138c10 JavaThread "Unconstrained build operations Thread 92" [_thread_blocked, id=12012, stack(0x000000e7faf00000,0x000000e7fb000000)]
  0x00000203b8138740 JavaThread "Unconstrained build operations Thread 93" [_thread_blocked, id=12636, stack(0x000000e7fb000000,0x000000e7fb100000)]
  0x00000203b8135720 JavaThread "Unconstrained build operations Thread 94" [_thread_blocked, id=2188, stack(0x000000e7fb100000,0x000000e7fb200000)]
  0x00000203b81360c0 JavaThread "Unconstrained build operations Thread 95" [_thread_blocked, id=19196, stack(0x000000e7fb200000,0x000000e7fb300000)]
  0x00000203b81395b0 JavaThread "Unconstrained build operations Thread 96" [_thread_blocked, id=1304, stack(0x000000e7fb300000,0x000000e7fb400000)]
  0x00000203b8135bf0 JavaThread "Unconstrained build operations Thread 97" [_thread_blocked, id=2412, stack(0x000000e7fb400000,0x000000e7fb500000)]
  0x00000203b8138270 JavaThread "Unconstrained build operations Thread 98" [_thread_blocked, id=17588, stack(0x000000e7fb500000,0x000000e7fb600000)]
  0x00000203b8139a80 JavaThread "Unconstrained build operations Thread 99" [_thread_blocked, id=9872, stack(0x000000e7fb600000,0x000000e7fb700000)]
  0x00000203b8136590 JavaThread "Unconstrained build operations Thread 100" [_thread_blocked, id=8292, stack(0x000000e7fb700000,0x000000e7fb800000)]
  0x00000203b8132700 JavaThread "Unconstrained build operations Thread 101" [_thread_blocked, id=2704, stack(0x000000e7fb800000,0x000000e7fb900000)]
  0x00000203b8132bd0 JavaThread "Unconstrained build operations Thread 102" [_thread_blocked, id=18456, stack(0x000000e7fb900000,0x000000e7fba00000)]
  0x00000203b81348b0 JavaThread "Unconstrained build operations Thread 103" [_thread_blocked, id=8068, stack(0x000000e7fba00000,0x000000e7fbb00000)]
  0x00000203b8135250 JavaThread "Unconstrained build operations Thread 104" [_thread_blocked, id=3076, stack(0x000000e7fbb00000,0x000000e7fbc00000)]
  0x00000203b8136f30 JavaThread "Unconstrained build operations Thread 105" [_thread_blocked, id=17660, stack(0x000000e7fbc00000,0x000000e7fbd00000)]
  0x00000203b8134d80 JavaThread "Unconstrained build operations Thread 106" [_thread_blocked, id=3300, stack(0x000000e7fbd00000,0x000000e7fbe00000)]
  0x00000203b8137400 JavaThread "Unconstrained build operations Thread 107" [_thread_blocked, id=1144, stack(0x000000e7fbe00000,0x000000e7fbf00000)]
  0x00000203b5a67530 JavaThread "Unconstrained build operations Thread 108" [_thread_blocked, id=21576, stack(0x000000e7fbf00000,0x000000e7fc000000)]
  0x00000203b5a66b90 JavaThread "Unconstrained build operations Thread 109" [_thread_blocked, id=6852, stack(0x000000e7fc000000,0x000000e7fc100000)]
  0x00000203b5a67a00 JavaThread "Unconstrained build operations Thread 110" [_thread_blocked, id=8340, stack(0x000000e7fc100000,0x000000e7fc200000)]
  0x00000203b5a68870 JavaThread "Unconstrained build operations Thread 111" [_thread_blocked, id=12084, stack(0x000000e7fc200000,0x000000e7fc300000)]
  0x00000203b5a67ed0 JavaThread "Unconstrained build operations Thread 112" [_thread_blocked, id=1620, stack(0x000000e7fc300000,0x000000e7fc400000)]
  0x00000203b5a67060 JavaThread "Unconstrained build operations Thread 113" [_thread_blocked, id=9196, stack(0x000000e7fc400000,0x000000e7fc500000)]
  0x00000203b5a683a0 JavaThread "Unconstrained build operations Thread 114" [_thread_blocked, id=8744, stack(0x000000e7fc500000,0x000000e7fc600000)]
  0x00000203b5a68d40 JavaThread "Unconstrained build operations Thread 115" [_thread_blocked, id=6764, stack(0x000000e7fc600000,0x000000e7fc700000)]
  0x00000203b5a69210 JavaThread "Unconstrained build operations Thread 116" [_thread_blocked, id=6832, stack(0x000000e7fc700000,0x000000e7fc800000)]
  0x00000203b5a69bb0 JavaThread "Unconstrained build operations Thread 117" [_thread_blocked, id=18692, stack(0x000000e7fc800000,0x000000e7fc900000)]
  0x00000203b5a696e0 JavaThread "Unconstrained build operations Thread 118" [_thread_blocked, id=15892, stack(0x000000e7fc900000,0x000000e7fca00000)]
  0x00000203b5a661f0 JavaThread "Unconstrained build operations Thread 119" [_thread_blocked, id=16440, stack(0x000000e7fca00000,0x000000e7fcb00000)]
  0x00000203b5a666c0 JavaThread "Unconstrained build operations Thread 120" [_thread_blocked, id=16664, stack(0x000000e7fcb00000,0x000000e7fcc00000)]
  0x00000203b9ef3a60 JavaThread "Memory manager" [_thread_blocked, id=2144, stack(0x000000e7fcc00000,0x000000e7fcd00000)]

Other Threads:
=>0x00000203b45baa30 VMThread "VM Thread" [stack: 0x000000e7f1700000,0x000000e7f1800000] [id=16660]
  0x000002039a391980 WatcherThread [stack: 0x000000e7f2300000,0x000000e7f2400000] [id=20096]
  0x000002039a378130 GCTaskThread "GC Thread#0" [stack: 0x000000e7f1200000,0x000000e7f1300000] [id=8532]
  0x00000203b5b65920 GCTaskThread "GC Thread#1" [stack: 0x000000e7f2500000,0x000000e7f2600000] [id=17324]
  0x00000203b5b65bd0 GCTaskThread "GC Thread#2" [stack: 0x000000e7f2600000,0x000000e7f2700000] [id=10872]
  0x00000203b6049b70 GCTaskThread "GC Thread#3" [stack: 0x000000e7f2700000,0x000000e7f2800000] [id=12212]
  0x00000203b63d61f0 GCTaskThread "GC Thread#4" [stack: 0x000000e7f2800000,0x000000e7f2900000] [id=22476]
  0x00000203b7c69020 GCTaskThread "GC Thread#5" [stack: 0x000000e7f3300000,0x000000e7f3400000] [id=19364]
  0x00000203b5dd0030 GCTaskThread "GC Thread#6" [stack: 0x000000e7f3400000,0x000000e7f3500000] [id=3492]
  0x00000203b53e1150 GCTaskThread "GC Thread#7" [stack: 0x000000e7f3500000,0x000000e7f3600000] [id=1228]
  0x00000203b644af50 GCTaskThread "GC Thread#8" [stack: 0x000000e7f3600000,0x000000e7f3700000] [id=15528]
  0x00000203b644e2f0 GCTaskThread "GC Thread#9" [stack: 0x000000e7f3700000,0x000000e7f3800000] [id=6640]
  0x000002039a3891d0 ConcurrentGCThread "G1 Main Marker" [stack: 0x000000e7f1300000,0x000000e7f1400000] [id=19220]
  0x000002039a38aa90 ConcurrentGCThread "G1 Conc#0" [stack: 0x000000e7f1400000,0x000000e7f1500000] [id=16976]
  0x00000203b644e5a0 ConcurrentGCThread "G1 Conc#1" [stack: 0x000000e7f3800000,0x000000e7f3900000] [id=15680]
  0x00000203b658e740 ConcurrentGCThread "G1 Conc#2" [stack: 0x000000e7f3900000,0x000000e7f3a00000] [id=19672]
  0x000002039a3e86a0 ConcurrentGCThread "G1 Refine#0" [stack: 0x000000e7f1500000,0x000000e7f1600000] [id=12564]
  0x00000203b44120c0 ConcurrentGCThread "G1 Service" [stack: 0x000000e7f1600000,0x000000e7f1700000] [id=15588]

Threads with active compile tasks:
C2 CompilerThread0    13036 6886       4       java.util.regex.Matcher::find (69 bytes)

VM state: at safepoint (normal execution)

VM Mutex/Monitor currently owned by a thread:  ([mutex/lock_event])
[0x000002039a317170] Threads_lock - owner thread: 0x00000203b45baa30
[0x000002039a317290] Heap_lock - owner thread: 0x00000203b53dc590

Heap address: 0x0000000080000000, size: 2048 MB, Compressed Oops mode: 32-bit

CDS archive(s) not mapped
Compressed class space mapped at: 0x0000000100000000-0x0000000140000000, reserved size: 1073741824
Narrow klass base: 0x0000000000000000, Narrow klass shift: 3, Narrow klass range: 0x140000000

GC Precious Log:
 CPUs: 12 total, 12 available
 Memory: 8037M
 Large Page Support: Disabled
 NUMA Support: Disabled
 Compressed Oops: Enabled (32-bit)
 Heap Region Size: 1M
 Heap Min Capacity: 8M
 Heap Initial Capacity: 126M
 Heap Max Capacity: 2G
 Pre-touch: Disabled
 Parallel Workers: 10
 Concurrent Workers: 3
 Concurrent Refinement Workers: 10
 Periodic GC: Disabled

Heap:
 garbage-first heap   total 155648K, used 95550K [0x0000000080000000, 0x0000000100000000)
  region size 1024K, 3 young (3072K), 3 survivors (3072K)
 Metaspace       used 68369K, committed 69056K, reserved 1114112K
  class space    used 9166K, committed 9472K, reserved 1048576K

Heap Regions: E=young(eden), S=young(survivor), O=old, HS=humongous(starts), HC=humongous(continues), CS=collection set, F=free, OA=open archive, CA=closed archive, TAMS=top-at-mark-start (previous, next)
|   0|0x0000000080000000, 0x0000000080100000, 0x0000000080100000|100%|HS|  |TAMS 0x0000000080100000, 0x0000000080100000| Complete 
|   1|0x0000000080100000, 0x0000000080200000, 0x0000000080200000|100%|HC|  |TAMS 0x0000000080200000, 0x0000000080200000| Complete 
|   2|0x0000000080200000, 0x0000000080300000, 0x0000000080300000|100%|HC|  |TAMS 0x0000000080300000, 0x0000000080300000| Complete 
|   3|0x0000000080300000, 0x0000000080400000, 0x0000000080400000|100%|HC|  |TAMS 0x0000000080400000, 0x0000000080400000| Complete 
|   4|0x0000000080400000, 0x0000000080500000, 0x0000000080500000|100%| O|  |TAMS 0x0000000080500000, 0x0000000080500000| Untracked 
|   5|0x0000000080500000, 0x0000000080600000, 0x0000000080600000|100%| O|  |TAMS 0x0000000080600000, 0x0000000080600000| Untracked 
|   6|0x0000000080600000, 0x0000000080700000, 0x0000000080700000|100%| O|  |TAMS 0x0000000080700000, 0x0000000080700000| Untracked 
|   7|0x0000000080700000, 0x0000000080800000, 0x0000000080800000|100%| O|  |TAMS 0x0000000080800000, 0x0000000080800000| Untracked 
|   8|0x0000000080800000, 0x0000000080900000, 0x0000000080900000|100%| O|  |TAMS 0x0000000080900000, 0x0000000080900000| Untracked 
|   9|0x0000000080900000, 0x0000000080a00000, 0x0000000080a00000|100%| O|  |TAMS 0x0000000080a00000, 0x0000000080a00000| Untracked 
|  10|0x0000000080a00000, 0x0000000080b00000, 0x0000000080b00000|100%| O|  |TAMS 0x0000000080b00000, 0x0000000080b00000| Untracked 
|  11|0x0000000080b00000, 0x0000000080c00000, 0x0000000080c00000|100%| O|  |TAMS 0x0000000080c00000, 0x0000000080c00000| Untracked 
|  12|0x0000000080c00000, 0x0000000080d00000, 0x0000000080d00000|100%| O|  |TAMS 0x0000000080d00000, 0x0000000080d00000| Untracked 
|  13|0x0000000080d00000, 0x0000000080e00000, 0x0000000080e00000|100%| O|  |TAMS 0x0000000080e00000, 0x0000000080e00000| Untracked 
|  14|0x0000000080e00000, 0x0000000080f00000, 0x0000000080f00000|100%| O|  |TAMS 0x0000000080f00000, 0x0000000080f00000| Untracked 
|  15|0x0000000080f00000, 0x0000000081000000, 0x0000000081000000|100%| O|  |TAMS 0x0000000081000000, 0x0000000081000000| Untracked 
|  16|0x0000000081000000, 0x0000000081100000, 0x0000000081100000|100%| O|  |TAMS 0x0000000081100000, 0x0000000081100000| Untracked 
|  17|0x0000000081100000, 0x0000000081200000, 0x0000000081200000|100%| O|  |TAMS 0x0000000081200000, 0x0000000081200000| Untracked 
|  18|0x0000000081200000, 0x0000000081300000, 0x0000000081300000|100%| O|  |TAMS 0x0000000081300000, 0x0000000081300000| Untracked 
|  19|0x0000000081300000, 0x0000000081400000, 0x0000000081400000|100%|HS|  |TAMS 0x0000000081400000, 0x0000000081400000| Complete 
|  20|0x0000000081400000, 0x0000000081500000, 0x0000000081500000|100%|HC|  |TAMS 0x0000000081500000, 0x0000000081500000| Complete 
|  21|0x0000000081500000, 0x0000000081600000, 0x0000000081600000|100%|HS|  |TAMS 0x0000000081600000, 0x0000000081600000| Complete 
|  22|0x0000000081600000, 0x0000000081700000, 0x0000000081700000|100%|HC|  |TAMS 0x0000000081700000, 0x0000000081700000| Complete 
|  23|0x0000000081700000, 0x0000000081800000, 0x0000000081800000|100%|HC|  |TAMS 0x0000000081800000, 0x0000000081800000| Complete 
|  24|0x0000000081800000, 0x0000000081900000, 0x0000000081900000|100%| O|  |TAMS 0x0000000081900000, 0x0000000081900000| Untracked 
|  25|0x0000000081900000, 0x0000000081900000, 0x0000000081a00000|  0%| F|  |TAMS 0x0000000081900000, 0x0000000081900000| Untracked 
|  26|0x0000000081a00000, 0x0000000081b00000, 0x0000000081b00000|100%| O|  |TAMS 0x0000000081b00000, 0x0000000081b00000| Untracked 
|  27|0x0000000081b00000, 0x0000000081c00000, 0x0000000081c00000|100%|HS|  |TAMS 0x0000000081c00000, 0x0000000081c00000| Complete 
|  28|0x0000000081c00000, 0x0000000081d00000, 0x0000000081d00000|100%|HC|  |TAMS 0x0000000081d00000, 0x0000000081d00000| Complete 
|  29|0x0000000081d00000, 0x0000000081e00000, 0x0000000081e00000|100%|HC|  |TAMS 0x0000000081e00000, 0x0000000081e00000| Complete 
|  30|0x0000000081e00000, 0x0000000081f00000, 0x0000000081f00000|100%| O|  |TAMS 0x0000000081f00000, 0x0000000081f00000| Untracked 
|  31|0x0000000081f00000, 0x0000000081f00000, 0x0000000082000000|  0%| F|  |TAMS 0x0000000081f00000, 0x0000000081f00000| Untracked 
|  32|0x0000000082000000, 0x0000000082100000, 0x0000000082100000|100%| O|  |TAMS 0x0000000082100000, 0x0000000082100000| Untracked 
|  33|0x0000000082100000, 0x0000000082200000, 0x0000000082200000|100%| O|  |TAMS 0x0000000082200000, 0x0000000082200000| Untracked 
|  34|0x0000000082200000, 0x0000000082300000, 0x0000000082300000|100%|HS|  |TAMS 0x0000000082300000, 0x0000000082300000| Complete 
|  35|0x0000000082300000, 0x0000000082400000, 0x0000000082400000|100%|HC|  |TAMS 0x0000000082400000, 0x0000000082400000| Complete 
|  36|0x0000000082400000, 0x0000000082500000, 0x0000000082500000|100%| O|  |TAMS 0x0000000082500000, 0x0000000082500000| Untracked 
|  37|0x0000000082500000, 0x0000000082600000, 0x0000000082600000|100%| O|  |TAMS 0x0000000082600000, 0x0000000082600000| Untracked 
|  38|0x0000000082600000, 0x0000000082700000, 0x0000000082700000|100%| O|  |TAMS 0x0000000082700000, 0x0000000082700000| Untracked 
|  39|0x0000000082700000, 0x0000000082800000, 0x0000000082800000|100%| O|  |TAMS 0x0000000082800000, 0x0000000082800000| Untracked 
|  40|0x0000000082800000, 0x0000000082900000, 0x0000000082900000|100%| O|  |TAMS 0x0000000082900000, 0x0000000082900000| Untracked 
|  41|0x0000000082900000, 0x0000000082a00000, 0x0000000082a00000|100%| O|  |TAMS 0x0000000082a00000, 0x0000000082a00000| Untracked 
|  42|0x0000000082a00000, 0x0000000082b00000, 0x0000000082b00000|100%|HS|  |TAMS 0x0000000082b00000, 0x0000000082b00000| Complete 
|  43|0x0000000082b00000, 0x0000000082c00000, 0x0000000082c00000|100%|HC|  |TAMS 0x0000000082c00000, 0x0000000082c00000| Complete 
|  44|0x0000000082c00000, 0x0000000082d00000, 0x0000000082d00000|100%|HC|  |TAMS 0x0000000082d00000, 0x0000000082d00000| Complete 
|  45|0x0000000082d00000, 0x0000000082e00000, 0x0000000082e00000|100%|HS|  |TAMS 0x0000000082e00000, 0x0000000082e00000| Complete 
|  46|0x0000000082e00000, 0x0000000082f00000, 0x0000000082f00000|100%|HC|  |TAMS 0x0000000082f00000, 0x0000000082f00000| Complete 
|  47|0x0000000082f00000, 0x0000000083000000, 0x0000000083000000|100%|HC|  |TAMS 0x0000000083000000, 0x0000000083000000| Complete 
|  48|0x0000000083000000, 0x0000000083100000, 0x0000000083100000|100%|HC|  |TAMS 0x0000000083100000, 0x0000000083100000| Complete 
|  49|0x0000000083100000, 0x0000000083200000, 0x0000000083200000|100%|HC|  |TAMS 0x0000000083200000, 0x0000000083200000| Complete 
|  50|0x0000000083200000, 0x0000000083300000, 0x0000000083300000|100%|HC|  |TAMS 0x0000000083300000, 0x0000000083300000| Complete 
|  51|0x0000000083300000, 0x0000000083400000, 0x0000000083400000|100%|HC|  |TAMS 0x0000000083400000, 0x0000000083400000| Complete 
|  52|0x0000000083400000, 0x0000000083500000, 0x0000000083500000|100%|HC|  |TAMS 0x0000000083500000, 0x0000000083500000| Complete 
|  53|0x0000000083500000, 0x0000000083600000, 0x0000000083600000|100%|HC|  |TAMS 0x0000000083600000, 0x0000000083600000| Complete 
|  54|0x0000000083600000, 0x0000000083700000, 0x0000000083700000|100%|HC|  |TAMS 0x0000000083700000, 0x0000000083700000| Complete 
|  55|0x0000000083700000, 0x0000000083800000, 0x0000000083800000|100%|HC|  |TAMS 0x0000000083800000, 0x0000000083800000| Complete 
|  56|0x0000000083800000, 0x0000000083900000, 0x0000000083900000|100%|HC|  |TAMS 0x0000000083900000, 0x0000000083900000| Complete 
|  57|0x0000000083900000, 0x0000000083a00000, 0x0000000083a00000|100%|HS|  |TAMS 0x0000000083a00000, 0x0000000083a00000| Complete 
|  58|0x0000000083a00000, 0x0000000083b00000, 0x0000000083b00000|100%|HC|  |TAMS 0x0000000083b00000, 0x0000000083b00000| Complete 
|  59|0x0000000083b00000, 0x0000000083c00000, 0x0000000083c00000|100%|HC|  |TAMS 0x0000000083c00000, 0x0000000083c00000| Complete 
|  60|0x0000000083c00000, 0x0000000083d00000, 0x0000000083d00000|100%| O|  |TAMS 0x0000000083d00000, 0x0000000083d00000| Untracked 
|  61|0x0000000083d00000, 0x0000000083e00000, 0x0000000083e00000|100%| O|  |TAMS 0x0000000083e00000, 0x0000000083e00000| Untracked 
|  62|0x0000000083e00000, 0x0000000083f00000, 0x0000000083f00000|100%| O|  |TAMS 0x0000000083f00000, 0x0000000083f00000| Untracked 
|  63|0x0000000083f00000, 0x0000000084000000, 0x0000000084000000|100%| O|  |TAMS 0x0000000084000000, 0x0000000084000000| Untracked 
|  64|0x0000000084000000, 0x0000000084100000, 0x0000000084100000|100%| O|  |TAMS 0x0000000084100000, 0x0000000084100000| Untracked 
|  65|0x0000000084100000, 0x0000000084200000, 0x0000000084200000|100%| O|  |TAMS 0x0000000084200000, 0x0000000084200000| Untracked 
|  66|0x0000000084200000, 0x0000000084300000, 0x0000000084300000|100%| O|  |TAMS 0x0000000084300000, 0x0000000084300000| Untracked 
|  67|0x0000000084300000, 0x0000000084400000, 0x0000000084400000|100%| O|  |TAMS 0x0000000084400000, 0x0000000084400000| Untracked 
|  68|0x0000000084400000, 0x0000000084500000, 0x0000000084500000|100%| O|  |TAMS 0x0000000084500000, 0x0000000084500000| Untracked 
|  69|0x0000000084500000, 0x0000000084600000, 0x0000000084600000|100%| O|  |TAMS 0x0000000084600000, 0x0000000084600000| Untracked 
|  70|0x0000000084600000, 0x0000000084700000, 0x0000000084700000|100%| O|  |TAMS 0x0000000084700000, 0x0000000084700000| Untracked 
|  71|0x0000000084700000, 0x0000000084800000, 0x0000000084800000|100%| O|  |TAMS 0x0000000084800000, 0x0000000084800000| Untracked 
|  72|0x0000000084800000, 0x0000000084900000, 0x0000000084900000|100%| O|  |TAMS 0x0000000084900000, 0x0000000084900000| Untracked 
|  73|0x0000000084900000, 0x0000000084a00000, 0x0000000084a00000|100%|HS|  |TAMS 0x0000000084a00000, 0x0000000084a00000| Complete 
|  74|0x0000000084a00000, 0x0000000084b00000, 0x0000000084b00000|100%|HS|  |TAMS 0x0000000084b00000, 0x0000000084b00000| Complete 
|  75|0x0000000084b00000, 0x0000000084c00000, 0x0000000084c00000|100%|HS|  |TAMS 0x0000000084c00000, 0x0000000084c00000| Complete 
|  76|0x0000000084c00000, 0x0000000084d00000, 0x0000000084d00000|100%|HC|  |TAMS 0x0000000084d00000, 0x0000000084d00000| Complete 
|  77|0x0000000084d00000, 0x0000000084e00000, 0x0000000084e00000|100%|HS|  |TAMS 0x0000000084e00000, 0x0000000084e00000| Complete 
|  78|0x0000000084e00000, 0x0000000084f00000, 0x0000000084f00000|100%|HS|  |TAMS 0x0000000084f00000, 0x0000000084f00000| Complete 
|  79|0x0000000084f00000, 0x0000000085000000, 0x0000000085000000|100%|HC|  |TAMS 0x0000000085000000, 0x0000000085000000| Complete 
|  80|0x0000000085000000, 0x0000000085100000, 0x0000000085100000|100%|HC|  |TAMS 0x0000000085100000, 0x0000000085100000| Complete 
|  81|0x0000000085100000, 0x0000000085200000, 0x0000000085200000|100%|HC|  |TAMS 0x0000000085200000, 0x0000000085200000| Complete 
|  82|0x0000000085200000, 0x0000000085300000, 0x0000000085300000|100%| O|  |TAMS 0x0000000085300000, 0x0000000085300000| Untracked 
|  83|0x0000000085300000, 0x0000000085400000, 0x0000000085400000|100%| O|  |TAMS 0x0000000085400000, 0x0000000085400000| Untracked 
|  84|0x0000000085400000, 0x0000000085500000, 0x0000000085500000|100%| O|  |TAMS 0x0000000085500000, 0x0000000085500000| Untracked 
|  85|0x0000000085500000, 0x0000000085600000, 0x0000000085600000|100%| O|  |TAMS 0x0000000085600000, 0x0000000085600000| Untracked 
|  86|0x0000000085600000, 0x0000000085700000, 0x0000000085700000|100%| O|  |TAMS 0x0000000085700000, 0x0000000085700000| Untracked 
|  87|0x0000000085700000, 0x0000000085800000, 0x0000000085800000|100%| O|  |TAMS 0x0000000085800000, 0x0000000085800000| Untracked 
|  88|0x0000000085800000, 0x0000000085900000, 0x0000000085900000|100%| O|  |TAMS 0x00000000858e6000, 0x0000000085900000| Untracked 
|  89|0x0000000085900000, 0x0000000085900000, 0x0000000085a00000|  0%| F|  |TAMS 0x0000000085900000, 0x0000000085900000| Untracked 
|  90|0x0000000085a00000, 0x0000000085a00000, 0x0000000085b00000|  0%| F|  |TAMS 0x0000000085a00000, 0x0000000085a00000| Untracked 
|  91|0x0000000085b00000, 0x0000000085b00000, 0x0000000085c00000|  0%| F|  |TAMS 0x0000000085b00000, 0x0000000085b00000| Untracked 
|  92|0x0000000085c00000, 0x0000000085d00000, 0x0000000085d00000|100%| O|  |TAMS 0x0000000085c00000, 0x0000000085d00000| Untracked 
|  93|0x0000000085d00000, 0x0000000085e00000, 0x0000000085e00000|100%| O|  |TAMS 0x0000000085d00000, 0x0000000085e00000| Untracked 
|  94|0x0000000085e00000, 0x0000000085f00000, 0x0000000085f00000|100%| O|  |TAMS 0x0000000085e00000, 0x0000000085f00000| Untracked 
|  95|0x0000000085f00000, 0x0000000085f6ae00, 0x0000000086000000| 41%| O|  |TAMS 0x0000000085f00000, 0x0000000085f6ae00| Untracked 
|  96|0x0000000086000000, 0x0000000086000000, 0x0000000086100000|  0%| F|  |TAMS 0x0000000086000000, 0x0000000086000000| Untracked 
|  97|0x0000000086100000, 0x0000000086100000, 0x0000000086200000|  0%| F|  |TAMS 0x0000000086100000, 0x0000000086100000| Untracked 
|  98|0x0000000086200000, 0x0000000086200000, 0x0000000086300000|  0%| F|  |TAMS 0x0000000086200000, 0x0000000086200000| Untracked 
|  99|0x0000000086300000, 0x0000000086300000, 0x0000000086400000|  0%| F|  |TAMS 0x0000000086300000, 0x0000000086300000| Untracked 
| 100|0x0000000086400000, 0x0000000086400000, 0x0000000086500000|  0%| F|  |TAMS 0x0000000086400000, 0x0000000086400000| Untracked 
| 101|0x0000000086500000, 0x0000000086500000, 0x0000000086600000|  0%| F|  |TAMS 0x0000000086500000, 0x0000000086500000| Untracked 
| 102|0x0000000086600000, 0x0000000086600000, 0x0000000086700000|  0%| F|  |TAMS 0x0000000086600000, 0x0000000086600000| Untracked 
| 103|0x0000000086700000, 0x0000000086700000, 0x0000000086800000|  0%| F|  |TAMS 0x0000000086700000, 0x0000000086700000| Untracked 
| 104|0x0000000086800000, 0x0000000086800000, 0x0000000086900000|  0%| F|  |TAMS 0x0000000086800000, 0x0000000086800000| Untracked 
| 105|0x0000000086900000, 0x0000000086900000, 0x0000000086a00000|  0%| F|  |TAMS 0x0000000086900000, 0x0000000086900000| Untracked 
| 106|0x0000000086a00000, 0x0000000086a00000, 0x0000000086b00000|  0%| F|  |TAMS 0x0000000086a00000, 0x0000000086a00000| Untracked 
| 107|0x0000000086b00000, 0x0000000086b00000, 0x0000000086c00000|  0%| F|  |TAMS 0x0000000086b00000, 0x0000000086b00000| Untracked 
| 108|0x0000000086c00000, 0x0000000086c00000, 0x0000000086d00000|  0%| F|  |TAMS 0x0000000086c00000, 0x0000000086c00000| Untracked 
| 109|0x0000000086d00000, 0x0000000086d00000, 0x0000000086e00000|  0%| F|  |TAMS 0x0000000086d00000, 0x0000000086d00000| Untracked 
| 110|0x0000000086e00000, 0x0000000086e00000, 0x0000000086f00000|  0%| F|  |TAMS 0x0000000086e00000, 0x0000000086e00000| Untracked 
| 111|0x0000000086f00000, 0x0000000086f00000, 0x0000000087000000|  0%| F|  |TAMS 0x0000000086f00000, 0x0000000086f00000| Untracked 
| 112|0x0000000087000000, 0x0000000087000000, 0x0000000087100000|  0%| F|  |TAMS 0x0000000087000000, 0x0000000087000000| Untracked 
| 113|0x0000000087100000, 0x0000000087100000, 0x0000000087200000|  0%| F|  |TAMS 0x0000000087100000, 0x0000000087100000| Untracked 
| 114|0x0000000087200000, 0x0000000087200000, 0x0000000087300000|  0%| F|  |TAMS 0x0000000087200000, 0x0000000087200000| Untracked 
| 115|0x0000000087300000, 0x0000000087300000, 0x0000000087400000|  0%| F|  |TAMS 0x0000000087300000, 0x0000000087300000| Untracked 
| 116|0x0000000087400000, 0x0000000087400000, 0x0000000087500000|  0%| F|  |TAMS 0x0000000087400000, 0x0000000087400000| Untracked 
| 117|0x0000000087500000, 0x0000000087500000, 0x0000000087600000|  0%| F|  |TAMS 0x0000000087500000, 0x0000000087500000| Untracked 
| 118|0x0000000087600000, 0x0000000087600000, 0x0000000087700000|  0%| F|  |TAMS 0x0000000087600000, 0x0000000087600000| Untracked 
| 119|0x0000000087700000, 0x0000000087700000, 0x0000000087800000|  0%| F|  |TAMS 0x0000000087700000, 0x0000000087700000| Untracked 
| 120|0x0000000087800000, 0x00000000878e4d10, 0x0000000087900000| 89%| S|CS|TAMS 0x0000000087800000, 0x0000000087800000| Complete 
| 121|0x0000000087900000, 0x0000000087a00000, 0x0000000087a00000|100%| S|CS|TAMS 0x0000000087900000, 0x0000000087900000| Complete 
| 122|0x0000000087a00000, 0x0000000087b00000, 0x0000000087b00000|100%| S|CS|TAMS 0x0000000087a00000, 0x0000000087a00000| Complete 
| 123|0x0000000087b00000, 0x0000000087b00000, 0x0000000087c00000|  0%| F|  |TAMS 0x0000000087b00000, 0x0000000087b00000| Untracked 
| 124|0x0000000087c00000, 0x0000000087c00000, 0x0000000087d00000|  0%| F|  |TAMS 0x0000000087c00000, 0x0000000087c00000| Untracked 
| 125|0x0000000087d00000, 0x0000000087d00000, 0x0000000087e00000|  0%| F|  |TAMS 0x0000000087d00000, 0x0000000087d00000| Untracked 
| 126|0x0000000087e00000, 0x0000000087e00000, 0x0000000087f00000|  0%| F|  |TAMS 0x0000000087e00000, 0x0000000087e00000| Untracked 
| 127|0x0000000087f00000, 0x0000000087f00000, 0x0000000088000000|  0%| F|  |TAMS 0x0000000087f00000, 0x0000000087f00000| Untracked 
| 128|0x0000000088000000, 0x0000000088000000, 0x0000000088100000|  0%| F|  |TAMS 0x0000000088000000, 0x0000000088000000| Untracked 
| 129|0x0000000088100000, 0x0000000088100000, 0x0000000088200000|  0%| F|  |TAMS 0x0000000088100000, 0x0000000088100000| Untracked 
| 130|0x0000000088200000, 0x0000000088200000, 0x0000000088300000|  0%| F|  |TAMS 0x0000000088200000, 0x0000000088200000| Untracked 
| 131|0x0000000088300000, 0x0000000088300000, 0x0000000088400000|  0%| F|  |TAMS 0x0000000088300000, 0x0000000088300000| Untracked 
| 132|0x0000000088400000, 0x0000000088400000, 0x0000000088500000|  0%| F|  |TAMS 0x0000000088400000, 0x0000000088400000| Untracked 
| 133|0x0000000088500000, 0x0000000088500000, 0x0000000088600000|  0%| F|  |TAMS 0x0000000088500000, 0x0000000088500000| Untracked 
| 134|0x0000000088600000, 0x0000000088600000, 0x0000000088700000|  0%| F|  |TAMS 0x0000000088600000, 0x0000000088600000| Untracked 
| 135|0x0000000088700000, 0x0000000088700000, 0x0000000088800000|  0%| F|  |TAMS 0x0000000088700000, 0x0000000088700000| Untracked 
| 136|0x0000000088800000, 0x0000000088800000, 0x0000000088900000|  0%| F|  |TAMS 0x0000000088800000, 0x0000000088800000| Untracked 
| 137|0x0000000088900000, 0x0000000088900000, 0x0000000088a00000|  0%| F|  |TAMS 0x0000000088900000, 0x0000000088900000| Untracked 
| 138|0x0000000088a00000, 0x0000000088a00000, 0x0000000088b00000|  0%| F|  |TAMS 0x0000000088a00000, 0x0000000088a00000| Untracked 
| 139|0x0000000088b00000, 0x0000000088b00000, 0x0000000088c00000|  0%| F|  |TAMS 0x0000000088b00000, 0x0000000088b00000| Untracked 
| 140|0x0000000088c00000, 0x0000000088c00000, 0x0000000088d00000|  0%| F|  |TAMS 0x0000000088c00000, 0x0000000088c00000| Untracked 
| 141|0x0000000088d00000, 0x0000000088d00000, 0x0000000088e00000|  0%| F|  |TAMS 0x0000000088d00000, 0x0000000088d00000| Untracked 
| 142|0x0000000088e00000, 0x0000000088e00000, 0x0000000088f00000|  0%| F|  |TAMS 0x0000000088e00000, 0x0000000088e00000| Untracked 
| 143|0x0000000088f00000, 0x0000000088f00000, 0x0000000089000000|  0%| F|  |TAMS 0x0000000088f00000, 0x0000000088f00000| Untracked 
| 144|0x0000000089000000, 0x0000000089000000, 0x0000000089100000|  0%| F|  |TAMS 0x0000000089000000, 0x0000000089000000| Untracked 
| 145|0x0000000089100000, 0x0000000089100000, 0x0000000089200000|  0%| F|  |TAMS 0x0000000089100000, 0x0000000089100000| Untracked 
| 146|0x0000000089200000, 0x0000000089200000, 0x0000000089300000|  0%| F|  |TAMS 0x0000000089200000, 0x0000000089200000| Untracked 
| 147|0x0000000089300000, 0x0000000089300000, 0x0000000089400000|  0%| F|  |TAMS 0x0000000089300000, 0x0000000089300000| Untracked 
| 148|0x0000000089400000, 0x0000000089400000, 0x0000000089500000|  0%| F|  |TAMS 0x0000000089400000, 0x0000000089400000| Untracked 
| 149|0x0000000089500000, 0x0000000089500000, 0x0000000089600000|  0%| F|  |TAMS 0x0000000089500000, 0x0000000089500000| Untracked 
| 150|0x0000000089600000, 0x0000000089600000, 0x0000000089700000|  0%| F|  |TAMS 0x0000000089600000, 0x0000000089600000| Untracked 
| 151|0x0000000089700000, 0x0000000089700000, 0x0000000089800000|  0%| F|  |TAMS 0x0000000089700000, 0x0000000089700000| Untracked 

Card table byte_map: [0x00000203ad140000,0x00000203ad540000] _byte_map_base: 0x00000203acd40000

Marking Bits (Prev, Next): (CMBitMap*) 0x000002039a378780, (CMBitMap*) 0x000002039a378740
 Prev Bits: [0x00000203af940000, 0x00000203b1940000)
 Next Bits: [0x00000203ad940000, 0x00000203af940000)

Polling page: 0x0000020399af0000

Metaspace:

Usage:
  Non-class:     57.82 MB used.
      Class:      8.95 MB used.
       Both:     66.77 MB used.

Virtual space:
  Non-class space:       64.00 MB reserved,      58.19 MB ( 91%) committed,  8 nodes.
      Class space:        1.00 GB reserved,       9.25 MB ( <1%) committed,  1 nodes.
             Both:        1.06 GB reserved,      67.44 MB (  6%) committed. 

Chunk freelists:
   Non-Class:  1.23 MB
       Class:  2.69 MB
        Both:  3.92 MB

MaxMetaspaceSize: unlimited
CompressedClassSpaceSize: 1.00 GB
Initial GC threshold: 21.00 MB
Current GC threshold: 102.19 MB
CDS: off
MetaspaceReclaimPolicy: balanced
 - commit_granule_bytes: 65536.
 - commit_granule_words: 8192.
 - virtual_space_node_default_size: 1048576.
 - enlarge_chunks_in_place: 1.
 - new_chunks_are_fully_committed: 0.
 - uncommit_free_chunks: 1.
 - use_allocation_guard: 0.
 - handle_deallocations: 1.


Internal statistics:

num_allocs_failed_limit: 3.
num_arena_births: 802.
num_arena_deaths: 0.
num_vsnodes_births: 9.
num_vsnodes_deaths: 0.
num_space_committed: 1079.
num_space_uncommitted: 0.
num_chunks_returned_to_freelist: 3.
num_chunks_taken_from_freelist: 3163.
num_chunk_merges: 3.
num_chunk_splits: 2063.
num_chunks_enlarged: 1344.
num_purges: 0.
num_inconsistent_stats: 0.

CodeHeap 'non-profiled nmethods': size=120000Kb used=3087Kb max_used=3339Kb free=116912Kb
 bounds [0x00000203a52c0000, 0x00000203a5610000, 0x00000203ac7f0000]
CodeHeap 'profiled nmethods': size=120000Kb used=11986Kb max_used=11986Kb free=108013Kb
 bounds [0x000002039d7f0000, 0x000002039e3b0000, 0x00000203a4d20000]
CodeHeap 'non-nmethods': size=5760Kb used=2354Kb max_used=2431Kb free=3405Kb
 bounds [0x00000203a4d20000, 0x00000203a4fb0000, 0x00000203a52c0000]
 total_blobs=7060 nmethods=6179 adapters=792
 compilation: enabled
              stopped_count=0, restarted_count=0
 full_count=0

Compilation events (20 events):
Event: 12.942 Thread 0x00000203b45d1130 6969       2       org.objectweb.asm.SymbolTable::addConstantUtf8Reference (101 bytes)
Event: 12.942 Thread 0x00000203b45d1130 nmethod 6969 0x000002039e3a2790 code [0x000002039e3a2980, 0x000002039e3a2d38]
Event: 12.942 Thread 0x00000203b45d1130 6972       2       org.objectweb.asm.Type::getArgumentsAndReturnSizes (140 bytes)
Event: 12.943 Thread 0x00000203b45d1130 nmethod 6972 0x000002039e3a3010 code [0x000002039e3a3280, 0x000002039e3a3dd8]
Event: 12.943 Thread 0x00000203b45d1130 6970       2       org.objectweb.asm.MethodWriter::visitVarInsn (302 bytes)
Event: 12.944 Thread 0x00000203b45d1130 nmethod 6970 0x000002039e3a4590 code [0x000002039e3a4780, 0x000002039e3a4bc8]
Event: 12.944 Thread 0x00000203b45d1130 6971       1       com.android.build.gradle.internal.dsl.decorator.SupportedPropertyType$Block::getType (5 bytes)
Event: 12.944 Thread 0x00000203b45d1130 nmethod 6971 0x00000203a547ed90 code [0x00000203a547ef20, 0x00000203a547eff8]
Event: 12.944 Thread 0x00000203b45d0690 nmethod 6960 0x00000203a547df90 code [0x00000203a547e160, 0x00000203a547e8e8]
Event: 12.945 Thread 0x00000203b45d0690 6886       4       java.util.regex.Matcher::find (69 bytes)
Event: 12.945 Thread 0x00000203b45d1130 6973       3       org.objectweb.asm.Frame::getInputStackSize (6 bytes)
Event: 12.945 Thread 0x00000203b45d1130 nmethod 6973 0x000002039e3a4e10 code [0x000002039e3a4fa0, 0x000002039e3a50b8]
Event: 12.945 Thread 0x00000203b45d1130 6974       3       org.objectweb.asm.Type::getReturnType (13 bytes)
Event: 12.945 Thread 0x00000203b45d1130 nmethod 6974 0x000002039e3a5190 code [0x000002039e3a5360, 0x000002039e3a55b8]
Event: 12.945 Thread 0x00000203b45d1130 6975       3       java.lang.invoke.DirectMethodHandle$Holder::invokeStatic (17 bytes)
Event: 12.945 Thread 0x00000203b45d1130 nmethod 6975 0x000002039e3a5710 code [0x000002039e3a58e0, 0x000002039e3a5db8]
Event: 12.947 Thread 0x00000203b45d1130 6976       3       org.objectweb.asm.ByteVector::<init> (13 bytes)
Event: 12.947 Thread 0x00000203b45d1130 nmethod 6976 0x000002039e3a5f10 code [0x000002039e3a60c0, 0x000002039e3a6318]
Event: 12.947 Thread 0x00000203b45d1130 6977       3       org.objectweb.asm.ByteVector::putByteArray (49 bytes)
Event: 12.947 Thread 0x00000203b45d1130 nmethod 6977 0x000002039e3a6410 code [0x000002039e3a65c0, 0x000002039e3a6898]

GC Heap History (20 events):
Event: 9.566 GC heap after
{Heap after GC invocations=23 (full 0):
 garbage-first heap   total 117760K, used 70475K [0x0000000080000000, 0x0000000100000000)
  region size 1024K, 4 young (4096K), 4 survivors (4096K)
 Metaspace       used 51918K, committed 52416K, reserved 1097728K
  class space    used 6946K, committed 7168K, reserved 1048576K
}
Event: 10.122 GC heap before
{Heap before GC invocations=24 (full 0):
 garbage-first heap   total 124928K, used 93003K [0x0000000080000000, 0x0000000100000000)
  region size 1024K, 26 young (26624K), 4 survivors (4096K)
 Metaspace       used 54829K, committed 55488K, reserved 1097728K
  class space    used 7417K, committed 7744K, reserved 1048576K
}
Event: 10.125 GC heap after
{Heap after GC invocations=25 (full 0):
 garbage-first heap   total 124928K, used 71466K [0x0000000080000000, 0x0000000100000000)
  region size 1024K, 2 young (2048K), 2 survivors (2048K)
 Metaspace       used 54829K, committed 55488K, reserved 1097728K
  class space    used 7417K, committed 7744K, reserved 1048576K
}
Event: 10.189 GC heap before
{Heap before GC invocations=25 (full 0):
 garbage-first heap   total 124928K, used 75562K [0x0000000080000000, 0x0000000100000000)
  region size 1024K, 6 young (6144K), 2 survivors (2048K)
 Metaspace       used 55142K, committed 55744K, reserved 1097728K
  class space    used 7462K, committed 7744K, reserved 1048576K
}
Event: 10.191 GC heap after
{Heap after GC invocations=26 (full 0):
 garbage-first heap   total 124928K, used 71960K [0x0000000080000000, 0x0000000100000000)
  region size 1024K, 1 young (1024K), 1 survivors (1024K)
 Metaspace       used 55142K, committed 55744K, reserved 1097728K
  class space    used 7462K, committed 7744K, reserved 1048576K
}
Event: 10.581 GC heap before
{Heap before GC invocations=26 (full 0):
 garbage-first heap   total 124928K, used 98584K [0x0000000080000000, 0x0000000100000000)
  region size 1024K, 28 young (28672K), 1 survivors (1024K)
 Metaspace       used 55926K, committed 56576K, reserved 1097728K
  class space    used 7550K, committed 7872K, reserved 1048576K
}
Event: 10.585 GC heap after
{Heap after GC invocations=27 (full 0):
 garbage-first heap   total 124928K, used 74168K [0x0000000080000000, 0x0000000100000000)
  region size 1024K, 3 young (3072K), 3 survivors (3072K)
 Metaspace       used 55926K, committed 56576K, reserved 1097728K
  class space    used 7550K, committed 7872K, reserved 1048576K
}
Event: 10.686 GC heap before
{Heap before GC invocations=28 (full 0):
 garbage-first heap   total 128000K, used 79288K [0x0000000080000000, 0x0000000100000000)
  region size 1024K, 10 young (10240K), 3 survivors (3072K)
 Metaspace       used 56003K, committed 56704K, reserved 1097728K
  class space    used 7550K, committed 7872K, reserved 1048576K
}
Event: 10.690 GC heap after
{Heap after GC invocations=29 (full 0):
 garbage-first heap   total 128000K, used 74764K [0x0000000080000000, 0x0000000100000000)
  region size 1024K, 1 young (1024K), 1 survivors (1024K)
 Metaspace       used 56003K, committed 56704K, reserved 1097728K
  class space    used 7550K, committed 7872K, reserved 1048576K
}
Event: 11.502 GC heap before
{Heap before GC invocations=30 (full 0):
 garbage-first heap   total 132096K, used 111628K [0x0000000080000000, 0x0000000100000000)
  region size 1024K, 28 young (28672K), 1 survivors (1024K)
 Metaspace       used 58542K, committed 59200K, reserved 1105920K
  class space    used 7912K, committed 8192K, reserved 1048576K
}
Event: 11.505 GC heap after
{Heap after GC invocations=31 (full 0):
 garbage-first heap   total 132096K, used 90750K [0x0000000080000000, 0x0000000100000000)
  region size 1024K, 4 young (4096K), 4 survivors (4096K)
 Metaspace       used 58542K, committed 59200K, reserved 1105920K
  class space    used 7912K, committed 8192K, reserved 1048576K
}
Event: 11.533 GC heap before
{Heap before GC invocations=31 (full 0):
 garbage-first heap   total 132096K, used 92798K [0x0000000080000000, 0x0000000100000000)
  region size 1024K, 6 young (6144K), 4 survivors (4096K)
 Metaspace       used 58839K, committed 59520K, reserved 1105920K
  class space    used 7951K, committed 8256K, reserved 1048576K
}
Event: 11.535 GC heap after
{Heap after GC invocations=32 (full 0):
 garbage-first heap   total 132096K, used 90189K [0x0000000080000000, 0x0000000100000000)
  region size 1024K, 1 young (1024K), 1 survivors (1024K)
 Metaspace       used 58839K, committed 59520K, reserved 1105920K
  class space    used 7951K, committed 8256K, reserved 1048576K
}
Event: 11.984 GC heap before
{Heap before GC invocations=32 (full 0):
 garbage-first heap   total 132096K, used 110669K [0x0000000080000000, 0x0000000100000000)
  region size 1024K, 21 young (21504K), 1 survivors (1024K)
 Metaspace       used 62076K, committed 62720K, reserved 1105920K
  class space    used 8314K, committed 8576K, reserved 1048576K
}
Event: 11.986 GC heap after
{Heap after GC invocations=33 (full 0):
 garbage-first heap   total 132096K, used 90832K [0x0000000080000000, 0x0000000100000000)
  region size 1024K, 1 young (1024K), 1 survivors (1024K)
 Metaspace       used 62076K, committed 62720K, reserved 1105920K
  class space    used 8314K, committed 8576K, reserved 1048576K
}
Event: 12.583 GC heap before
{Heap before GC invocations=34 (full 0):
 garbage-first heap   total 155648K, used 111312K [0x0000000080000000, 0x0000000100000000)
  region size 1024K, 21 young (21504K), 1 survivors (1024K)
 Metaspace       used 66247K, committed 67008K, reserved 1114112K
  class space    used 8882K, committed 9216K, reserved 1048576K
}
Event: 12.587 GC heap after
{Heap after GC invocations=35 (full 0):
 garbage-first heap   total 155648K, used 92400K [0x0000000080000000, 0x0000000100000000)
  region size 1024K, 3 young (3072K), 3 survivors (3072K)
 Metaspace       used 66247K, committed 67008K, reserved 1114112K
  class space    used 8882K, committed 9216K, reserved 1048576K
}
Event: 12.598 GC heap before
{Heap before GC invocations=35 (full 0):
 garbage-first heap   total 155648K, used 100592K [0x0000000080000000, 0x0000000100000000)
  region size 1024K, 7 young (7168K), 3 survivors (3072K)
 Metaspace       used 66250K, committed 67008K, reserved 1114112K
  class space    used 8884K, committed 9216K, reserved 1048576K
}
Event: 12.603 GC heap after
{Heap after GC invocations=36 (full 0):
 garbage-first heap   total 155648K, used 96683K [0x0000000080000000, 0x0000000100000000)
  region size 1024K, 1 young (1024K), 1 survivors (1024K)
 Metaspace       used 66250K, committed 67008K, reserved 1114112K
  class space    used 8884K, committed 9216K, reserved 1048576K
}
Event: 12.950 GC heap before
{Heap before GC invocations=36 (full 0):
 garbage-first heap   total 155648K, used 127403K [0x0000000080000000, 0x0000000100000000)
  region size 1024K, 29 young (29696K), 1 survivors (1024K)
 Metaspace       used 68369K, committed 69056K, reserved 1114112K
  class space    used 9166K, committed 9472K, reserved 1048576K
}

Dll operation events (2 events):
Event: 0.010 Loaded shared library D:\Android Studio\jbr\bin\java.dll
Event: 0.444 Loaded shared library D:\Android Studio\jbr\bin\verify.dll

Deoptimization events (20 events):
Event: 12.587 Thread 0x00000203b53dc590 DEOPT PACKING pc=0x00000203a53894a0 sp=0x000000e7f2ff0d50
Event: 12.587 Thread 0x00000203b53dc590 DEOPT UNPACKING pc=0x00000203a4d769a3 sp=0x000000e7f2ff0c60 mode 2
Event: 12.588 Thread 0x00000203b53dc590 Uncommon trap: trap_request=0xffffff54 fr.pc=0x00000203a5450808 relative=0x0000000000000928
Event: 12.588 Thread 0x00000203b53dc590 Uncommon trap: reason=speculate_null_assert action=make_not_entrant pc=0x00000203a5450808 method=java.util.jar.JarFile.getVersionedEntry(Ljava/lang/String;Ljava/util/jar/JarEntry;)Ljava/util/jar/JarEntry; @ 115 c2
Event: 12.588 Thread 0x00000203b53dc590 DEOPT PACKING pc=0x00000203a5450808 sp=0x000000e7f2ff2750
Event: 12.588 Thread 0x00000203b53dc590 DEOPT UNPACKING pc=0x00000203a4d769a3 sp=0x000000e7f2ff2718 mode 2
Event: 12.588 Thread 0x00000203b53dc590 Uncommon trap: trap_request=0xffffff45 fr.pc=0x00000203a53c0930 relative=0x0000000000000090
Event: 12.588 Thread 0x00000203b53dc590 Uncommon trap: reason=unstable_if action=reinterpret pc=0x00000203a53c0930 method=java.util.jar.JarFile.maybeInstantiateVerifier()V @ 27 c2
Event: 12.588 Thread 0x00000203b53dc590 DEOPT PACKING pc=0x00000203a53c0930 sp=0x000000e7f2ff2690
Event: 12.588 Thread 0x00000203b53dc590 DEOPT UNPACKING pc=0x00000203a4d769a3 sp=0x000000e7f2ff2620 mode 2
Event: 12.610 Thread 0x00000203b53dc590 Uncommon trap: trap_request=0xffffff45 fr.pc=0x00000203a533ce68 relative=0x00000000000002c8
Event: 12.610 Thread 0x00000203b53dc590 Uncommon trap: reason=unstable_if action=reinterpret pc=0x00000203a533ce68 method=java.util.LinkedHashMap.get(Ljava/lang/Object;)Ljava/lang/Object; @ 16 c2
Event: 12.610 Thread 0x00000203b53dc590 DEOPT PACKING pc=0x00000203a533ce68 sp=0x000000e7f2ff1fb0
Event: 12.610 Thread 0x00000203b53dc590 DEOPT UNPACKING pc=0x00000203a4d769a3 sp=0x000000e7f2ff1f68 mode 2
Event: 12.639 Thread 0x00000203b53dc590 DEOPT PACKING pc=0x000002039e3553a4 sp=0x000000e7f2ff1e10
Event: 12.639 Thread 0x00000203b53dc590 DEOPT UNPACKING pc=0x00000203a4d77143 sp=0x000000e7f2ff1288 mode 0
Event: 12.672 Thread 0x00000203b53dc590 Uncommon trap: trap_request=0xffffff45 fr.pc=0x00000203a536bad0 relative=0x00000000000000b0
Event: 12.672 Thread 0x00000203b53dc590 Uncommon trap: reason=unstable_if action=reinterpret pc=0x00000203a536bad0 method=java.security.CodeSource.matchCerts(Ljava/security/CodeSource;Z)Z @ 11 c2
Event: 12.672 Thread 0x00000203b53dc590 DEOPT PACKING pc=0x00000203a536bad0 sp=0x000000e7f2ff0870
Event: 12.672 Thread 0x00000203b53dc590 DEOPT UNPACKING pc=0x00000203a4d769a3 sp=0x000000e7f2ff0808 mode 2

Classes unloaded (0 events):
No events

Classes redefined (0 events):
No events

Internal exceptions (20 events):
Event: 9.402 Thread 0x00000203b53dc590 Exception <a 'java/lang/ClassNotFoundException'{0x00000000865f7b88}: org/jetbrains/plugins/gradle/model/scala/ScalaModelBeanInfo> (0x00000000865f7b88) 
thrown [s\src\hotspot\share\classfile\systemDictionary.cpp, line 256]
Event: 9.402 Thread 0x00000203b53dc590 Exception <a 'java/lang/ClassNotFoundException'{0x0000000086400178}: org/jetbrains/plugins/gradle/model/scala/ScalaModelCustomizer> (0x0000000086400178) 
thrown [s\src\hotspot\share\classfile\systemDictionary.cpp, line 256]
Event: 9.404 Thread 0x00000203b53dc590 Exception <a 'java/lang/ClassNotFoundException'{0x00000000864314d8}: org/jetbrains/plugins/gradle/model/DependencyAccessorsModelBeanInfo> (0x00000000864314d8) 
thrown [s\src\hotspot\share\classfile\systemDictionary.cpp, line 256]
Event: 9.404 Thread 0x00000203b53dc590 Exception <a 'java/lang/ClassNotFoundException'{0x0000000086439888}: org/jetbrains/plugins/gradle/model/DependencyAccessorsModelCustomizer> (0x0000000086439888) 
thrown [s\src\hotspot\share\classfile\systemDictionary.cpp, line 256]
Event: 9.553 Thread 0x00000203b53dc590 Exception <a 'java/lang/ClassNotFoundException'{0x0000000085bb3ae0}: org/gradle/api/internal/project/DefaultProject_DecoratedBeanInfo> (0x0000000085bb3ae0) 
thrown [s\src\hotspot\share\classfile\systemDictionary.cpp, line 256]
Event: 9.554 Thread 0x00000203b53dc590 Exception <a 'java/lang/ClassNotFoundException'{0x0000000085bc0638}: org/gradle/api/internal/project/DefaultProjectBeanInfo> (0x0000000085bc0638) 
thrown [s\src\hotspot\share\classfile\systemDictionary.cpp, line 256]
Event: 9.554 Thread 0x00000203b53dc590 Exception <a 'java/lang/ClassNotFoundException'{0x0000000085bcd198}: org/gradle/api/internal/project/DefaultProjectCustomizer> (0x0000000085bcd198) 
thrown [s\src\hotspot\share\classfile\systemDictionary.cpp, line 256]
Event: 9.557 Thread 0x00000203b53dc590 Exception <a 'java/lang/ClassNotFoundException'{0x0000000085a76b40}: org/gradle/api/internal/project/DefaultProject_DecoratedCustomizer> (0x0000000085a76b40) 
thrown [s\src\hotspot\share\classfile\systemDictionary.cpp, line 256]
Event: 10.130 Thread 0x00000203b53dc590 Exception <a 'java/lang/NoSuchMethodError'{0x0000000087d3ffc8}: 'java.lang.Object java.lang.invoke.DirectMethodHandle$Holder.newInvokeSpecial(java.lang.Object, java.lang.Object, java.lang.Object, java.lang.Object, java.lang.Object, int)'> (0x0000000087d3ffc8) 
thrown [s\src\hotspot\share\interpreter\linkResolver.cpp, line 771]
Event: 10.130 Thread 0x00000203b53dc590 Exception <a 'java/lang/NoSuchMethodError'{0x0000000087d45620}: 'java.lang.Object java.lang.invoke.DirectMethodHandle$Holder.invokeSpecial(java.lang.Object, java.lang.Object, java.lang.Object, java.lang.Object, java.lang.Object, java.lang.Object, int)'> (0x0000000087d45620) 
thrown [s\src\hotspot\share\interpreter\linkResolver.cpp, line 771]
Event: 10.139 Thread 0x00000203b53dc590 Exception <a 'java/lang/NoSuchMethodError'{0x0000000087de6d80}: 'void java.lang.invoke.DirectMethodHandle$Holder.invokeStatic(java.lang.Object, java.lang.Object, java.lang.Object, int, java.lang.Object)'> (0x0000000087de6d80) 
thrown [s\src\hotspot\share\interpreter\linkResolver.cpp, line 771]
Event: 10.683 Thread 0x00000203b53dc590 Implicit null exception at 0x00000203a55dac12 to 0x00000203a55db2b0
Event: 11.311 Thread 0x00000203b53dc590 Exception <a 'java/lang/NoSuchMethodError'{0x0000000086cac9a8}: 'java.lang.Object java.lang.invoke.DirectMethodHandle$Holder.newInvokeSpecial(java.lang.Object, java.lang.Object, java.lang.Object, java.lang.Object, int)'> (0x0000000086cac9a8) 
thrown [s\src\hotspot\share\interpreter\linkResolver.cpp, line 771]
Event: 11.312 Thread 0x00000203b53dc590 Exception <a 'java/lang/NoSuchMethodError'{0x0000000086cb1df0}: 'java.lang.Object java.lang.invoke.DirectMethodHandle$Holder.invokeSpecial(java.lang.Object, java.lang.Object, java.lang.Object, java.lang.Object, java.lang.Object, int)'> (0x0000000086cb1df0) 
thrown [s\src\hotspot\share\interpreter\linkResolver.cpp, line 771]
Event: 11.312 Thread 0x00000203b53dc590 Exception <a 'java/lang/NoSuchMethodError'{0x0000000086cb6b70}: 'java.lang.Object java.lang.invoke.Invokers$Holder.linkToTargetMethod(java.lang.Object, java.lang.Object, java.lang.Object, int, java.lang.Object)'> (0x0000000086cb6b70) 
thrown [s\src\hotspot\share\interpreter\linkResolver.cpp, line 771]
Event: 11.686 Thread 0x00000203b53dc590 Exception <a 'java/lang/NoSuchMethodError'{0x0000000087c9abf8}: 'int java.lang.invoke.DirectMethodHandle$Holder.invokeInterface(java.lang.Object, java.lang.Object, java.lang.Object, java.lang.Object)'> (0x0000000087c9abf8) 
thrown [s\src\hotspot\share\interpreter\linkResolver.cpp, line 771]
Event: 12.259 Thread 0x00000203b53dc590 Exception <a 'java/lang/IncompatibleClassChangeError'{0x00000000892e8120}: Found class java.lang.Object, but interface was expected> (0x00000000892e8120) 
thrown [s\src\hotspot\share\interpreter\linkResolver.cpp, line 838]
Event: 12.307 Thread 0x00000203b53dc590 Implicit null exception at 0x00000203a52f1001 to 0x00000203a52f1ee8
Event: 12.461 Thread 0x00000203b53dc590 Implicit null exception at 0x00000203a54b180c to 0x00000203a54b1946
Event: 12.674 Thread 0x00000203b53dc590 Exception <a 'sun/nio/fs/WindowsException'{0x0000000088e6b2d0}> (0x0000000088e6b2d0) 
thrown [s\src\hotspot\share\prims\jni.cpp, line 517]

VM Operations (20 events):
Event: 11.675 Executing VM operation: HandshakeAllThreads done
Event: 11.684 Executing VM operation: HandshakeAllThreads
Event: 11.685 Executing VM operation: HandshakeAllThreads done
Event: 11.983 Executing VM operation: G1CollectForAllocation
Event: 11.986 Executing VM operation: G1CollectForAllocation done
Event: 12.017 Executing VM operation: G1Concurrent
Event: 12.020 Executing VM operation: G1Concurrent done
Event: 12.030 Executing VM operation: G1Concurrent
Event: 12.031 Executing VM operation: G1Concurrent done
Event: 12.035 Executing VM operation: HandshakeAllThreads
Event: 12.035 Executing VM operation: HandshakeAllThreads done
Event: 12.426 Executing VM operation: HandshakeAllThreads
Event: 12.426 Executing VM operation: HandshakeAllThreads done
Event: 12.495 Executing VM operation: HandshakeAllThreads
Event: 12.496 Executing VM operation: HandshakeAllThreads done
Event: 12.583 Executing VM operation: G1CollectForAllocation
Event: 12.587 Executing VM operation: G1CollectForAllocation done
Event: 12.598 Executing VM operation: G1CollectForAllocation
Event: 12.603 Executing VM operation: G1CollectForAllocation done
Event: 12.949 Executing VM operation: G1CollectForAllocation

Events (20 events):
Event: 12.545 loading class java/security/SignatureException
Event: 12.545 loading class java/security/SignatureException done
Event: 12.548 loading class sun/security/rsa/RSASignature$SHA256withRSA
Event: 12.548 loading class sun/security/rsa/RSASignature$SHA256withRSA done
Event: 12.550 loading class sun/security/provider/DSA$SHA256withDSA
Event: 12.550 loading class sun/security/provider/DSA$SHA256withDSA done
Event: 12.579 loading class java/util/Base64
Event: 12.579 loading class java/util/Base64 done
Event: 12.579 loading class java/util/Base64$Decoder
Event: 12.580 loading class java/util/Base64$Decoder done
Event: 12.580 loading class java/util/Base64$Encoder
Event: 12.580 loading class java/util/Base64$Encoder done
Event: 12.581 loading class java/util/jar/JarVerifier$VerifierStream
Event: 12.581 loading class java/util/jar/JarVerifier$VerifierStream done
Event: 12.581 loading class sun/security/util/ManifestEntryVerifier$SunProviderHolder
Event: 12.581 loading class sun/security/util/ManifestEntryVerifier$SunProviderHolder done
Event: 12.672 loading class java/security/KeyStore$ProtectionParameter
Event: 12.672 loading class java/security/KeyStore$ProtectionParameter done
Event: 12.674 loading class sun/nio/fs/WindowsException
Event: 12.674 loading class sun/nio/fs/WindowsException done


Dynamic libraries:
0x00007ff7c9800000 - 0x00007ff7c980a000 	D:\Android Studio\jbr\bin\java.exe
0x00007ffd8f5c0000 - 0x00007ffd8f7c9000 	C:\WINDOWS\SYSTEM32\ntdll.dll
0x00007ffd8d4d0000 - 0x00007ffd8d58e000 	C:\WINDOWS\System32\KERNEL32.DLL
0x00007ffd8d0c0000 - 0x00007ffd8d43b000 	C:\WINDOWS\System32\KERNELBASE.dll
0x00007ffd8ce30000 - 0x00007ffd8cf41000 	C:\WINDOWS\System32\ucrtbase.dll
0x00007ffd75b90000 - 0x00007ffd75bab000 	D:\Android Studio\jbr\bin\VCRUNTIME140.dll
0x00007ffd01e20000 - 0x00007ffd01e37000 	D:\Android Studio\jbr\bin\jli.dll
0x00007ffd8da20000 - 0x00007ffd8dbcd000 	C:\WINDOWS\System32\USER32.dll
0x00007ffd7d460000 - 0x00007ffd7d705000 	C:\WINDOWS\WinSxS\amd64_microsoft.windows.common-controls_6595b64144ccf1df_6.0.22000.120_none_9d947278b86cc467\COMCTL32.dll
0x00007ffd8cbc0000 - 0x00007ffd8cbe6000 	C:\WINDOWS\System32\win32u.dll
0x00007ffd8e260000 - 0x00007ffd8e303000 	C:\WINDOWS\System32\msvcrt.dll
0x00007ffd8f340000 - 0x00007ffd8f369000 	C:\WINDOWS\System32\GDI32.dll
0x00007ffd8cd10000 - 0x00007ffd8ce28000 	C:\WINDOWS\System32\gdi32full.dll
0x00007ffd8cc70000 - 0x00007ffd8cd0d000 	C:\WINDOWS\System32\msvcp_win.dll
0x00007ffd8f280000 - 0x00007ffd8f2b2000 	C:\WINDOWS\System32\IMM32.DLL
0x00007ffd89800000 - 0x00007ffd8980c000 	D:\Android Studio\jbr\bin\vcruntime140_1.dll
0x00007ffd72f60000 - 0x00007ffd72fed000 	D:\Android Studio\jbr\bin\msvcp140.dll
0x00007ffd02120000 - 0x00007ffd02d8e000 	D:\Android Studio\jbr\bin\server\jvm.dll
0x00007ffd8ee90000 - 0x00007ffd8ef3e000 	C:\WINDOWS\System32\ADVAPI32.dll
0x00007ffd8d980000 - 0x00007ffd8da1e000 	C:\WINDOWS\System32\sechost.dll
0x00007ffd8f370000 - 0x00007ffd8f490000 	C:\WINDOWS\System32\RPCRT4.dll
0x00007ffd76ad0000 - 0x00007ffd76ad9000 	C:\WINDOWS\SYSTEM32\WSOCK32.dll
0x00007ffd897c0000 - 0x00007ffd897f3000 	C:\WINDOWS\SYSTEM32\WINMM.dll
0x00007ffd86690000 - 0x00007ffd8669a000 	C:\WINDOWS\SYSTEM32\VERSION.dll
0x00007ffd8e180000 - 0x00007ffd8e1ef000 	C:\WINDOWS\System32\WS2_32.dll
0x00007ffd8bc00000 - 0x00007ffd8bc18000 	C:\WINDOWS\SYSTEM32\kernel.appcore.dll
0x00007ffd7bcc0000 - 0x00007ffd7bcca000 	D:\Android Studio\jbr\bin\jimage.dll
0x00007ffd7ff10000 - 0x00007ffd80131000 	C:\WINDOWS\SYSTEM32\DBGHELP.DLL
0x00007ffd762b0000 - 0x00007ffd762e1000 	C:\WINDOWS\SYSTEM32\dbgcore.DLL
0x00007ffd8cbf0000 - 0x00007ffd8cc6f000 	C:\WINDOWS\System32\bcryptPrimitives.dll
0x00007ffd020f0000 - 0x00007ffd02115000 	D:\Android Studio\jbr\bin\java.dll
0x00007ffd430d0000 - 0x00007ffd430e8000 	D:\Android Studio\jbr\bin\zip.dll
0x00007ffd8e310000 - 0x00007ffd8eac7000 	C:\WINDOWS\System32\SHELL32.dll
0x00007ffd8ab90000 - 0x00007ffd8b3f5000 	C:\WINDOWS\SYSTEM32\windows.storage.dll
0x00007ffd8d600000 - 0x00007ffd8d978000 	C:\WINDOWS\System32\combase.dll
0x00007ffd8aa20000 - 0x00007ffd8ab86000 	C:\WINDOWS\SYSTEM32\wintypes.dll
0x00007ffd8f490000 - 0x00007ffd8f57a000 	C:\WINDOWS\System32\SHCORE.dll
0x00007ffd8dbd0000 - 0x00007ffd8dc2d000 	C:\WINDOWS\System32\shlwapi.dll
0x00007ffd8c9c0000 - 0x00007ffd8c9e1000 	C:\WINDOWS\SYSTEM32\profapi.dll
0x00007ffd020d0000 - 0x00007ffd020e9000 	D:\Android Studio\jbr\bin\net.dll
0x00007ffd86bf0000 - 0x00007ffd86d04000 	C:\WINDOWS\SYSTEM32\WINHTTP.dll
0x00007ffd8c0a0000 - 0x00007ffd8c107000 	C:\WINDOWS\system32\mswsock.dll
0x00007ffd020b0000 - 0x00007ffd020c6000 	D:\Android Studio\jbr\bin\nio.dll
0x00007ffd6cba0000 - 0x00007ffd6cbb0000 	D:\Android Studio\jbr\bin\verify.dll
0x00007ffd89810000 - 0x00007ffd89837000 	C:\Users\muham\.gradle\native\68d5fa5c4cc2d200863cafc0d521ce42e7d3e7ee720ec0a83991735586a16f82\windows-amd64\native-platform.dll
0x00007ffd48b40000 - 0x00007ffd48c84000 	C:\Users\muham\.gradle\native\e376f236ea51e6404a007f0833ffe2c6e607c4080706a723a18a27aeea778392\windows-amd64\native-platform-file-events.dll
0x00007ffd6c5d0000 - 0x00007ffd6c5d9000 	D:\Android Studio\jbr\bin\management.dll
0x00007ffd6c140000 - 0x00007ffd6c14b000 	D:\Android Studio\jbr\bin\management_ext.dll
0x00007ffd8e250000 - 0x00007ffd8e258000 	C:\WINDOWS\System32\PSAPI.DLL
0x00007ffd8c2e0000 - 0x00007ffd8c2f8000 	C:\WINDOWS\SYSTEM32\CRYPTSP.dll
0x00007ffd8bb60000 - 0x00007ffd8bb95000 	C:\WINDOWS\system32\rsaenh.dll
0x00007ffd8c190000 - 0x00007ffd8c1b9000 	C:\WINDOWS\SYSTEM32\USERENV.dll
0x00007ffd8c470000 - 0x00007ffd8c497000 	C:\WINDOWS\SYSTEM32\bcrypt.dll
0x00007ffd8c300000 - 0x00007ffd8c30c000 	C:\WINDOWS\SYSTEM32\CRYPTBASE.dll
0x00007ffd8b730000 - 0x00007ffd8b75d000 	C:\WINDOWS\SYSTEM32\IPHLPAPI.DLL
0x00007ffd8ead0000 - 0x00007ffd8ead9000 	C:\WINDOWS\System32\NSI.dll
0x00007ffd86720000 - 0x00007ffd86739000 	C:\WINDOWS\SYSTEM32\dhcpcsvc6.DLL
0x00007ffd871f0000 - 0x00007ffd8720e000 	C:\WINDOWS\SYSTEM32\dhcpcsvc.DLL
0x00007ffd8b760000 - 0x00007ffd8b848000 	C:\WINDOWS\SYSTEM32\DNSAPI.dll
0x00007ffd6bc90000 - 0x00007ffd6bc98000 	C:\WINDOWS\system32\wshunix.dll

dbghelp: loaded successfully - version: 4.0.5 - missing functions: none
symbol engine: initialized successfully - sym options: 0x614 - pdb path: .;D:\Android Studio\jbr\bin;C:\WINDOWS\SYSTEM32;C:\WINDOWS\WinSxS\amd64_microsoft.windows.common-controls_6595b64144ccf1df_6.0.22000.120_none_9d947278b86cc467;D:\Android Studio\jbr\bin\server;C:\Users\muham\.gradle\native\68d5fa5c4cc2d200863cafc0d521ce42e7d3e7ee720ec0a83991735586a16f82\windows-amd64;C:\Users\muham\.gradle\native\e376f236ea51e6404a007f0833ffe2c6e607c4080706a723a18a27aeea778392\windows-amd64

VM Arguments:
jvm_args: --add-opens=java.base/java.util=ALL-UNNAMED --add-opens=java.base/java.lang=ALL-UNNAMED --add-opens=java.base/java.lang.invoke=ALL-UNNAMED --add-opens=java.prefs/java.util.prefs=ALL-UNNAMED --add-opens=java.base/java.nio.charset=ALL-UNNAMED --add-opens=java.base/java.net=ALL-UNNAMED --add-opens=java.base/java.util.concurrent.atomic=ALL-UNNAMED -Xmx2048m -Dfile.encoding=UTF-8 -Duser.country=ID -Duser.language=id -Duser.variant 
java_command: org.gradle.launcher.daemon.bootstrap.GradleDaemon 8.0
java_class_path (initial): C:\Users\muham\.gradle\wrapper\dists\gradle-8.0-bin\ca5e32bp14vu59qr306oxotwh\gradle-8.0\lib\gradle-launcher-8.0.jar
Launcher Type: SUN_STANDARD

[Global flags]
     intx CICompilerCount                          = 4                                         {product} {ergonomic}
     uint ConcGCThreads                            = 3                                         {product} {ergonomic}
     uint G1ConcRefinementThreads                  = 10                                        {product} {ergonomic}
   size_t G1HeapRegionSize                         = 1048576                                   {product} {ergonomic}
    uintx GCDrainStackTargetSize                   = 64                                        {product} {ergonomic}
   size_t InitialHeapSize                          = 132120576                                 {product} {ergonomic}
   size_t MarkStackSize                            = 4194304                                   {product} {ergonomic}
   size_t MaxHeapSize                              = 2147483648                                {product} {command line}
   size_t MaxNewSize                               = 1287651328                                {product} {ergonomic}
   size_t MinHeapDeltaBytes                        = 1048576                                   {product} {ergonomic}
   size_t MinHeapSize                              = 8388608                                   {product} {ergonomic}
    uintx NonNMethodCodeHeapSize                   = 5839372                                {pd product} {ergonomic}
    uintx NonProfiledCodeHeapSize                  = 122909434                              {pd product} {ergonomic}
    uintx ProfiledCodeHeapSize                     = 122909434                              {pd product} {ergonomic}
    uintx ReservedCodeCacheSize                    = 251658240                              {pd product} {ergonomic}
     bool SegmentedCodeCache                       = true                                      {product} {ergonomic}
   size_t SoftMaxHeapSize                          = 2147483648                             {manageable} {ergonomic}
     bool UseCompressedClassPointers               = true                           {product lp64_product} {ergonomic}
     bool UseCompressedOops                        = true                           {product lp64_product} {ergonomic}
     bool UseG1GC                                  = true                                      {product} {ergonomic}
     bool UseLargePagesIndividualAllocation        = false                                  {pd product} {ergonomic}

Logging:
Log output configuration:
 #0: stdout all=warning uptime,level,tags
 #1: stderr all=off uptime,level,tags

Environment Variables:
PATH=C:\Windows\system32;C:\Windows;C:\Windows\System32\Wbem;C:\Windows\System32\WindowsPowerShell\v1.0\;C:\Windows\System32\OpenSSH\;C:\Program Files (x86)\NVIDIA Corporation\PhysX\Common;C:\Program Files\NVIDIA Corporation\NVIDIA NvDLISR;C:\Program Files\Intel\WiFi\bin\;C:\Program Files\Common Files\Intel\WirelessCommon\;C:\WINDOWS\system32;C:\WINDOWS;C:\WINDOWS\System32\Wbem;C:\WINDOWS\System32\WindowsPowerShell\v1.0\;C:\WINDOWS\System32\OpenSSH\;C:\Program Files\dotnet\;C:\Program Files\Microsoft SQL Server\150\Tools\Binn\;C:\Program Files\Cloudflare\Cloudflare WARP\;C:\Users\muham\AppData\Local\Microsoft\WindowsApps;C:\Users\muham\AppData\Local\Programs\Python\Python311;C:\Users\muham\AppData\Local\Programs\Python\Python311\Scripts
USERNAME=muham
OS=Windows_NT
PROCESSOR_IDENTIFIER=Intel64 Family 6 Model 158 Stepping 10, GenuineIntel
TMP=C:\Users\muham\AppData\Local\Temp
TEMP=C:\Users\muham\AppData\Local\Temp


JNI global refs:
JNI global refs: 24, weak refs: 2

JNI global refs memory usage: 843, weak refs: 841


---------------  S Y S T E M  ---------------

OS:
 Windows 11 , 64 bit Build 22000 (10.0.22000.1335)
OS uptime: 0 days 23:31 hours

CPU: total 12 (initial active 12) (6 cores per cpu, 2 threads per core) family 6 model 158 stepping 10 microcode 0xde, cx8, cmov, fxsr, ht, mmx, 3dnowpref, sse, sse2, sse3, ssse3, sse4.1, sse4.2, popcnt, lzcnt, tsc, tscinvbit, avx, avx2, aes, erms, clmul, bmi1, bmi2, adx, fma, vzeroupper, clflush, clflushopt

Memory: 4k page, system-wide physical 8037M (333M free)
TotalPageFile size 14751M (AvailPageFile size 35M)
current process WorkingSet (physical memory assigned to process): 348M, peak: 349M
current process commit charge ("private bytes"): 391M, peak: 543M

vm_info: OpenJDK 64-Bit Server VM (17.0.6+0-b2043.56-10027231) for windows-amd64 JRE (17.0.6+0-b2043.56-10027231), built on Apr 28 2023 00:43:19 by "androidbuild" with MS VC++ 16.10 / 16.11 (VS2019)

END.
